Using pre-set license
Built from '2021.1/staging' branch; Version is '2021.1.20f1 (be552157821d) revision 12473633'; Using compiler version '192528614'; Build Type 'Release'
OS: 'Windows 10 Pro; OS build 19042.1165; Version 2009; 64bit' Language: 'en' Physical Memory: 8097 MB
BatchMode: 1, IsHumanControllingUs: 0, StartBugReporterOnCrash: 0, Is64bit: 1, IsPro: 0

COMMAND LINE ARGUMENTS:
C:\Program Files\Unity\Hub\Editor\2021.1.20f1\Editor\Unity.exe
-adb2
-batchMode
-noUpm
-name
AssetImportWorker1
-projectPath
F:/GitHub/tanker-/Cannon
-logFile
Logs/AssetImportWorker1.log
-srvPort
53259
Successfully changed project path to: F:/GitHub/tanker-/Cannon
F:/GitHub/tanker-/Cannon
Using Asset Import Pipeline V2.
Refreshing native plugins compatible for Editor in 225.28 ms, found 2 plugins.
Preloading 0 native plugins for Editor in 0.00 ms.
Initialize engine version: 2021.1.20f1 (be552157821d)
[Subsystems] Discovering subsystems at path C:/Program Files/Unity/Hub/Editor/2021.1.20f1/Editor/Data/Resources/UnitySubsystems
[Subsystems] Discovering subsystems at path F:/GitHub/tanker-/Cannon/Assets
GfxDevice: creating device client; threaded=0; jobified=0
Direct3D:
    Version:  Direct3D 11.0 [level 11.1]
    Renderer: Intel(R) HD Graphics Family (ID=0xa16)
    Vendor:   Intel
    VRAM:     2048 MB
    Driver:   20.19.15.4835
Initialize mono
Mono path[0] = 'C:/Program Files/Unity/Hub/Editor/2021.1.20f1/Editor/Data/Managed'
Mono path[1] = 'C:/Program Files/Unity/Hub/Editor/2021.1.20f1/Editor/Data/MonoBleedingEdge/lib/mono/unityjit'
Mono config path = 'C:/Program Files/Unity/Hub/Editor/2021.1.20f1/Editor/Data/MonoBleedingEdge/etc'
Using monoOptions --debugger-agent=transport=dt_socket,embedding=1,server=y,suspend=n,address=127.0.0.1:56444
Begin MonoManager ReloadAssembly
Registering precompiled unity dll's ...
Register platform support module: C:/Program Files/Unity/Hub/Editor/2021.1.20f1/Editor/Data/PlaybackEngines/WebGLSupport/UnityEditor.WebGL.Extensions.dll
Register platform support module: C:/Program Files/Unity/Hub/Editor/2021.1.20f1/Editor/Data/PlaybackEngines/WindowsStandaloneSupport/UnityEditor.WindowsStandalone.Extensions.dll
Registered in 0.003424 seconds.
Native extension for WindowsStandalone target not found
Native extension for WebGL target not found
Refreshing native plugins compatible for Editor in 141.59 ms, found 2 plugins.
Preloading 0 native plugins for Editor in 0.00 ms.
Mono: successfully reloaded assembly
- Completed reload, in  3.502 seconds
Domain Reload Profiling:
	ReloadAssembly (3502ms)
		BeginReloadAssembly (90ms)
			ExecutionOrderSort (0ms)
			DisableScriptedObjects (0ms)
			BackupInstance (0ms)
			ReleaseScriptingObjects (0ms)
			CreateAndSetChildDomain (1ms)
		EndReloadAssembly (954ms)
			LoadAssemblies (87ms)
			RebuildTransferFunctionScriptingTraits (0ms)
			SetupTypeCache (265ms)
			ReleaseScriptCaches (0ms)
			RebuildScriptCaches (43ms)
			SetupLoadedEditorAssemblies (553ms)
				LogAssemblyErrors (0ms)
				InitializePlatformSupportModulesInManaged (10ms)
				SetLoadedEditorAssemblies (0ms)
				RefreshPlugins (142ms)
				BeforeProcessingInitializeOnLoad (2ms)
				ProcessInitializeOnLoadAttributes (295ms)
				ProcessInitializeOnLoadMethodAttributes (103ms)
				AfterProcessingInitializeOnLoad (0ms)
				EditorAssembliesLoaded (1ms)
			ExecutionOrderSort2 (0ms)
			AwakeInstancesAfterBackupRestoration (0ms)
Platform modules already initialized, skipping
Registering precompiled user dll's ...
Registered in 0.009291 seconds.
Begin MonoManager ReloadAssembly
Native extension for WindowsStandalone target not found
Native extension for WebGL target not found
Refreshing native plugins compatible for Editor in 212.22 ms, found 2 plugins.
Preloading 0 native plugins for Editor in 0.00 ms.
Mono: successfully reloaded assembly
- Completed reload, in  3.134 seconds
Domain Reload Profiling:
	ReloadAssembly (3135ms)
		BeginReloadAssembly (528ms)
			ExecutionOrderSort (0ms)
			DisableScriptedObjects (12ms)
			BackupInstance (0ms)
			ReleaseScriptingObjects (0ms)
			CreateAndSetChildDomain (37ms)
		EndReloadAssembly (2473ms)
			LoadAssemblies (349ms)
			RebuildTransferFunctionScriptingTraits (0ms)
			SetupTypeCache (798ms)
			ReleaseScriptCaches (1ms)
			RebuildScriptCaches (161ms)
			SetupLoadedEditorAssemblies (1045ms)
				LogAssemblyErrors (0ms)
				InitializePlatformSupportModulesInManaged (9ms)
				SetLoadedEditorAssemblies (0ms)
				RefreshPlugins (212ms)
				BeforeProcessingInitializeOnLoad (185ms)
				ProcessInitializeOnLoadAttributes (533ms)
				ProcessInitializeOnLoadMethodAttributes (97ms)
				AfterProcessingInitializeOnLoad (9ms)
				EditorAssembliesLoaded (0ms)
			ExecutionOrderSort2 (0ms)
			AwakeInstancesAfterBackupRestoration (11ms)
Platform modules already initialized, skipping
========================================================================
Worker process is ready to serve import requests
Launched and connected shader compiler UnityShaderCompiler.exe after 0.48 seconds
Refreshing native plugins compatible for Editor in 17.08 ms, found 2 plugins.
Preloading 0 native plugins for Editor in 0.00 ms.
Unloading 3734 Unused Serialized files (Serialized files now loaded: 0)
System memory in use before: 177.2 MB.
System memory in use after: 177.1 MB.

Unloading 61 unused Assets to reduce memory usage. Loaded Objects now: 4177.
Total: 21.683000 ms (FindLiveObjects: 1.581000 ms CreateObjectMapping: 0.605300 ms MarkObjects: 18.707300 ms  DeleteObjects: 0.786300 ms)

AssetImportParameters requested are different than current active one (requested -> active):
  custom:framework-win-MediaFoundation: 216162199b28c13a410421893ffa2e32 -> 
  custom:video-decoder-ogg-theora: a1e56fd34408186e4bbccfd4996cb3dc -> 
  custom:container-muxer-webm: aa71ff27fc2769a1b78a27578f13a17b -> 
  custom:container-demuxer-webm: 4f35f7cbe854078d1ac9338744f61a02 -> 
  custom:container-demuxer-ogg: 62fdf1f143b41e24485cea50d1cbac27 -> 
  custom:video-encoder-webm-vp8: eb34c28f22e8b96e1ab97ce403110664 -> 
  custom:video-decoder-webm-vp8: 9c59270c3fd7afecdb556c50c9e8de78 -> 
  custom:audio-decoder-ogg-vorbis: bf7c407c2cedff20999df2af8eb42d56 -> 
  custom:audio-encoder-webm-vorbis: bf7c407c2cedff20999df2af8eb42d56 -> 
========================================================================
Received Import Request.
  path: Assets/tutorial.unity
  artifactKey: Guid(bdb1b2ac0d0a6904898a07bcfcd0aaa8) Importer(815301076,1909f56bfc062723c751e8b465ee728b)
Start importing Assets/tutorial.unity using Guid(bdb1b2ac0d0a6904898a07bcfcd0aaa8) Importer(815301076,1909f56bfc062723c751e8b465ee728b)  -> (artifact id: '9168e644cea178a11292871676829c7e') in 0.019726 seconds 
========================================================================
Received Import Request.
  Time since last request: 27.150916 seconds.
  path: Assets/Missing Prefab.prefab
  artifactKey: Guid(aa2f9f020e1e16b47ac764ee3ed55fe9) Importer(815301076,1909f56bfc062723c751e8b465ee728b)
Start importing Assets/Missing Prefab.prefab using Guid(aa2f9f020e1e16b47ac764ee3ed55fe9) Importer(815301076,1909f56bfc062723c751e8b465ee728b)  -> (artifact id: '5bf6dfbeb8b9a84ab1ef82b995756b05') in 0.120857 seconds 
========================================================================
Received Import Request.
  Time since last request: 49.976775 seconds.
  path: Assets/Main Folder/Virtual Joystick Pack
  artifactKey: Guid(34e2e06f549a6e54899bff0be221ece9) Importer(815301076,1909f56bfc062723c751e8b465ee728b)
Start importing Assets/Main Folder/Virtual Joystick Pack using Guid(34e2e06f549a6e54899bff0be221ece9) Importer(815301076,1909f56bfc062723c751e8b465ee728b)  -> (artifact id: '9328e261c810bae174149720ea2c2dca') in 0.004324 seconds 
========================================================================
Received Import Request.
  Time since last request: 7.112232 seconds.
  path: Assets/Main Folder/Scene/Scene.unity
  artifactKey: Guid(ad2042bbc1ac2ec46a38ca92d4a8c018) Importer(815301076,1909f56bfc062723c751e8b465ee728b)
Start importing Assets/Main Folder/Scene/Scene.unity using Guid(ad2042bbc1ac2ec46a38ca92d4a8c018) Importer(815301076,1909f56bfc062723c751e8b465ee728b)  -> (artifact id: '2215e5fde65d7845a785a2ba00abc6e6') in 0.002153 seconds 
========================================================================
Received Prepare
Registering precompiled user dll's ...
Registered in 0.014009 seconds.
Begin MonoManager ReloadAssembly
Native extension for WindowsStandalone target not found
Native extension for WebGL target not found
Refreshing native plugins compatible for Editor in 1.62 ms, found 2 plugins.
Preloading 0 native plugins for Editor in 0.00 ms.
Mono: successfully reloaded assembly
- Completed reload, in  2.685 seconds
Domain Reload Profiling:
	ReloadAssembly (2686ms)
		BeginReloadAssembly (233ms)
			ExecutionOrderSort (0ms)
			DisableScriptedObjects (10ms)
			BackupInstance (0ms)
			ReleaseScriptingObjects (0ms)
			CreateAndSetChildDomain (67ms)
		EndReloadAssembly (2351ms)
			LoadAssemblies (231ms)
			RebuildTransferFunctionScriptingTraits (0ms)
			SetupTypeCache (864ms)
			ReleaseScriptCaches (3ms)
			RebuildScriptCaches (105ms)
			SetupLoadedEditorAssemblies (963ms)
				LogAssemblyErrors (0ms)
				InitializePlatformSupportModulesInManaged (9ms)
				SetLoadedEditorAssemblies (1ms)
				RefreshPlugins (2ms)
				BeforeProcessingInitializeOnLoad (149ms)
				ProcessInitializeOnLoadAttributes (564ms)
				ProcessInitializeOnLoadMethodAttributes (215ms)
				AfterProcessingInitializeOnLoad (23ms)
				EditorAssembliesLoaded (0ms)
			ExecutionOrderSort2 (0ms)
			AwakeInstancesAfterBackupRestoration (30ms)
Platform modules already initialized, skipping
Switching build target platform(19) subTarget(0) extendedPlatform(0) -> platform(13) subTarget(589824) extendedPlatform(0)
Refreshing native plugins compatible for Editor in 1.74 ms, found 2 plugins.
Preloading 0 native plugins for Editor in 0.00 ms.
Unloading 3564 Unused Serialized files (Serialized files now loaded: 0)
System memory in use before: 159.1 MB.
System memory in use after: 159.0 MB.

Unloading 52 unused Assets to reduce memory usage. Loaded Objects now: 4179.
Total: 13.935800 ms (FindLiveObjects: 0.520500 ms CreateObjectMapping: 0.465400 ms MarkObjects: 12.656200 ms  DeleteObjects: 0.291700 ms)

AssetImportParameters requested are different than current active one (requested -> active):
  custom:framework-win-MediaFoundation: 216162199b28c13a410421893ffa2e32 -> 
  custom:video-decoder-ogg-theora: a1e56fd34408186e4bbccfd4996cb3dc -> 
  custom:container-muxer-webm: aa71ff27fc2769a1b78a27578f13a17b -> 
  custom:container-demuxer-webm: 4f35f7cbe854078d1ac9338744f61a02 -> 
  custom:container-demuxer-ogg: 62fdf1f143b41e24485cea50d1cbac27 -> 
  custom:video-encoder-webm-vp8: eb34c28f22e8b96e1ab97ce403110664 -> 
  custom:video-decoder-webm-vp8: 9c59270c3fd7afecdb556c50c9e8de78 -> 
  custom:graphics/normal-map-encoding: 01000000000000000000000000000000 -> 02000000000000000000000000000000
  custom:audio-decoder-ogg-vorbis: bf7c407c2cedff20999df2af8eb42d56 -> 
  custom:audio-encoder-webm-vorbis: bf7c407c2cedff20999df2af8eb42d56 -> 
========================================================================
Received Import Request.
  Time since last request: 1071.571561 seconds.
  path: Assets/GameObject.prefab
  artifactKey: Guid(11be33c5272c356419763e1283aae826) Importer(815301076,1909f56bfc062723c751e8b465ee728b)
Start importing Assets/GameObject.prefab using Guid(11be33c5272c356419763e1283aae826) Importer(815301076,1909f56bfc062723c751e8b465ee728b)  -> (artifact id: '5753979a134deebc753e85a5595d299e') in 2.112421 seconds 
========================================================================
Received Import Request.
  Time since last request: 33.004796 seconds.
  path: Assets/Data/Volumes/BaseEffects.asset
  artifactKey: Guid(ad80f6934bc444a93bb29c1f6db70cf3) Importer(815301076,1909f56bfc062723c751e8b465ee728b)
Start importing Assets/Data/Volumes/BaseEffects.asset using Guid(ad80f6934bc444a93bb29c1f6db70cf3) Importer(815301076,1909f56bfc062723c751e8b465ee728b)  -> (artifact id: '7579dc3f1cf6501cae6872195792cd93') in 0.012982 seconds 
========================================================================
Received Import Request.
  Time since last request: 0.006222 seconds.
  path: Assets/Main Folder/Scene/Scene/Global Volume Profile.asset
  artifactKey: Guid(eea808ee0ccce7f4ba5051f795705145) Importer(815301076,1909f56bfc062723c751e8b465ee728b)
Start importing Assets/Main Folder/Scene/Scene/Global Volume Profile.asset using Guid(eea808ee0ccce7f4ba5051f795705145) Importer(815301076,1909f56bfc062723c751e8b465ee728b)  -> (artifact id: '52a6e07efc243988b3a258af1360daf0') in 0.007311 seconds 
========================================================================
Received Import Request.
  Time since last request: 0.000758 seconds.
  path: Assets/Data/Volumes/MediumQuality.asset
  artifactKey: Guid(4fe8789f8ee054ac49d9f7fe042e0918) Importer(815301076,1909f56bfc062723c751e8b465ee728b)
Start importing Assets/Data/Volumes/MediumQuality.asset using Guid(4fe8789f8ee054ac49d9f7fe042e0918) Importer(815301076,1909f56bfc062723c751e8b465ee728b)  -> (artifact id: '61105af3acc59ddb28597c57f0ef6282') in 0.006577 seconds 
========================================================================
Received Import Request.
  Time since last request: 0.000521 seconds.
  path: Assets/Levels/Settings/SampleSceneProfile.asset
  artifactKey: Guid(10fc4df2da32a41aaa32d77bc913491c) Importer(815301076,1909f56bfc062723c751e8b465ee728b)
Start importing Assets/Levels/Settings/SampleSceneProfile.asset using Guid(10fc4df2da32a41aaa32d77bc913491c) Importer(815301076,1909f56bfc062723c751e8b465ee728b)  -> (artifact id: '17bf7d3d8f5447fc64ea0d2097521bd2') in 0.014924 seconds 
========================================================================
Received Prepare
Registering precompiled user dll's ...
Registered in 0.005358 seconds.
Begin MonoManager ReloadAssembly
Native extension for WindowsStandalone target not found
Native extension for WebGL target not found
Refreshing native plugins compatible for Editor in 1.62 ms, found 2 plugins.
Preloading 0 native plugins for Editor in 0.00 ms.
Mono: successfully reloaded assembly
- Completed reload, in  1.886 seconds
Domain Reload Profiling:
	ReloadAssembly (1886ms)
		BeginReloadAssembly (212ms)
			ExecutionOrderSort (0ms)
			DisableScriptedObjects (12ms)
			BackupInstance (0ms)
			ReleaseScriptingObjects (0ms)
			CreateAndSetChildDomain (69ms)
		EndReloadAssembly (1585ms)
			LoadAssemblies (148ms)
			RebuildTransferFunctionScriptingTraits (0ms)
			SetupTypeCache (536ms)
			ReleaseScriptCaches (3ms)
			RebuildScriptCaches (93ms)
			SetupLoadedEditorAssemblies (597ms)
				LogAssemblyErrors (0ms)
				InitializePlatformSupportModulesInManaged (9ms)
				SetLoadedEditorAssemblies (1ms)
				RefreshPlugins (2ms)
				BeforeProcessingInitializeOnLoad (129ms)
				ProcessInitializeOnLoadAttributes (360ms)
				ProcessInitializeOnLoadMethodAttributes (88ms)
				AfterProcessingInitializeOnLoad (8ms)
				EditorAssembliesLoaded (0ms)
			ExecutionOrderSort2 (0ms)
			AwakeInstancesAfterBackupRestoration (21ms)
Platform modules already initialized, skipping
Switching build target platform(19) subTarget(0) extendedPlatform(0) -> platform(13) subTarget(589824) extendedPlatform(0)
Refreshing native plugins compatible for Editor in 1.84 ms, found 2 plugins.
Preloading 0 native plugins for Editor in 0.00 ms.
Unloading 3564 Unused Serialized files (Serialized files now loaded: 0)
System memory in use before: 165.5 MB.
System memory in use after: 165.5 MB.

Unloading 52 unused Assets to reduce memory usage. Loaded Objects now: 4227.
Total: 12.661400 ms (FindLiveObjects: 0.446200 ms CreateObjectMapping: 0.224000 ms MarkObjects: 11.714000 ms  DeleteObjects: 0.275400 ms)

AssetImportParameters requested are different than current active one (requested -> active):
  custom:framework-win-MediaFoundation: 216162199b28c13a410421893ffa2e32 -> 
  custom:video-decoder-ogg-theora: a1e56fd34408186e4bbccfd4996cb3dc -> 
  custom:container-muxer-webm: aa71ff27fc2769a1b78a27578f13a17b -> 
  custom:container-demuxer-webm: 4f35f7cbe854078d1ac9338744f61a02 -> 
  custom:container-demuxer-ogg: 62fdf1f143b41e24485cea50d1cbac27 -> 
  custom:video-encoder-webm-vp8: eb34c28f22e8b96e1ab97ce403110664 -> 
  custom:video-decoder-webm-vp8: 9c59270c3fd7afecdb556c50c9e8de78 -> 
  custom:graphics/normal-map-encoding: 01000000000000000000000000000000 -> 02000000000000000000000000000000
  custom:audio-decoder-ogg-vorbis: bf7c407c2cedff20999df2af8eb42d56 -> 
  custom:audio-encoder-webm-vorbis: bf7c407c2cedff20999df2af8eb42d56 -> 
========================================================================
Received Import Request.
  Time since last request: 460.331891 seconds.
  path: Assets/Main Folder/LightweightAsset.asset
  artifactKey: Guid(3969d836184059c49a808ab7b2ffa922) Importer(815301076,1909f56bfc062723c751e8b465ee728b)
Start importing Assets/Main Folder/LightweightAsset.asset using Guid(3969d836184059c49a808ab7b2ffa922) Importer(815301076,1909f56bfc062723c751e8b465ee728b)  -> (artifact id: '25cbcb6c9dc0c3d9ee3596dd643f4afa') in 0.023446 seconds 
========================================================================
Received Import Request.
  Time since last request: 0.067778 seconds.
  path: Assets/Data/UniversalRP/PipelineAsset_High.asset
  artifactKey: Guid(c57a184794a05b349955e5023bbf7e99) Importer(815301076,1909f56bfc062723c751e8b465ee728b)
Start importing Assets/Data/UniversalRP/PipelineAsset_High.asset using Guid(c57a184794a05b349955e5023bbf7e99) Importer(815301076,1909f56bfc062723c751e8b465ee728b) BoatDemoRenderer is missing RendererFeatures
This could be due to missing scripts or compile error.
UnityEngine.StackTraceUtility:ExtractStackTrace ()
UnityEngine.DebugLogHandler:LogFormat (UnityEngine.LogType,UnityEngine.Object,string,object[])
UnityEngine.Logger:Log (UnityEngine.LogType,object,UnityEngine.Object)
UnityEngine.Debug:LogError (object,UnityEngine.Object)
UnityEngine.Rendering.Universal.ScriptableRendererData:ValidateRendererFeatures () (at Library/PackageCache/com.unity.render-pipelines.universal@11.0.0/Runtime/ScriptableRendererData.cs:135)
UnityEngine.Rendering.Universal.ScriptableRendererData:OnValidate () (at Library/PackageCache/com.unity.render-pipelines.universal@11.0.0/Runtime/ScriptableRendererData.cs:59)

(Filename: Library/PackageCache/com.unity.render-pipelines.universal@11.0.0/Runtime/ScriptableRendererData.cs Line: 135)

 -> (artifact id: 'bfad96a98a40ba6960477eca2f312fb0') in 0.027067 seconds 
========================================================================
Received Import Request.
  Time since last request: 0.044818 seconds.
  path: Assets/Data/UniversalRP/PipelineAsset_Low.asset
  artifactKey: Guid(ce78242d6aae64de6a072ef584b7cb9c) Importer(815301076,1909f56bfc062723c751e8b465ee728b)
Start importing Assets/Data/UniversalRP/PipelineAsset_Low.asset using Guid(ce78242d6aae64de6a072ef584b7cb9c) Importer(815301076,1909f56bfc062723c751e8b465ee728b) BoatDemoRenderer is missing RendererFeatures
This could be due to missing scripts or compile error.
UnityEngine.StackTraceUtility:ExtractStackTrace ()
UnityEngine.DebugLogHandler:LogFormat (UnityEngine.LogType,UnityEngine.Object,string,object[])
UnityEngine.Logger:Log (UnityEngine.LogType,object,UnityEngine.Object)
UnityEngine.Debug:LogError (object,UnityEngine.Object)
UnityEngine.Rendering.Universal.ScriptableRendererData:ValidateRendererFeatures () (at Library/PackageCache/com.unity.render-pipelines.universal@11.0.0/Runtime/ScriptableRendererData.cs:135)
UnityEngine.Rendering.Universal.ScriptableRendererData:OnValidate () (at Library/PackageCache/com.unity.render-pipelines.universal@11.0.0/Runtime/ScriptableRendererData.cs:59)

(Filename: Library/PackageCache/com.unity.render-pipelines.universal@11.0.0/Runtime/ScriptableRendererData.cs Line: 135)

 -> (artifact id: '31a8579083c27a00aef0ea2666e0e0e3') in 0.008034 seconds 
========================================================================
Received Import Request.
  Time since last request: 0.064043 seconds.
  path: Assets/Levels/Settings/UniversalRP-LowQuality.asset
  artifactKey: Guid(a31e9f9f9c9d4b9429ed0d1234e22103) Importer(815301076,1909f56bfc062723c751e8b465ee728b)
Start importing Assets/Levels/Settings/UniversalRP-LowQuality.asset using Guid(a31e9f9f9c9d4b9429ed0d1234e22103) Importer(815301076,1909f56bfc062723c751e8b465ee728b)  -> (artifact id: '0ad8000691afdc095063d7883bb7113a') in 0.006357 seconds 
========================================================================
Received Import Request.
  Time since last request: 0.000861 seconds.
  path: Assets/Levels/Settings/UniversalRP-MediumQuality.asset
  artifactKey: Guid(d847b876476d3d6468f5dfcd34266f96) Importer(815301076,1909f56bfc062723c751e8b465ee728b)
Start importing Assets/Levels/Settings/UniversalRP-MediumQuality.asset using Guid(d847b876476d3d6468f5dfcd34266f96) Importer(815301076,1909f56bfc062723c751e8b465ee728b)  -> (artifact id: '0fee2ba9990b2990926889e607ad9867') in 0.008124 seconds 
========================================================================
Received Import Request.
  Time since last request: 0.002323 seconds.
  path: Assets/Levels/Settings/UniversalRP-HighQuality.asset
  artifactKey: Guid(19ba41d7c0026c3459d37c2fe90c55a0) Importer(815301076,1909f56bfc062723c751e8b465ee728b)
Start importing Assets/Levels/Settings/UniversalRP-HighQuality.asset using Guid(19ba41d7c0026c3459d37c2fe90c55a0) Importer(815301076,1909f56bfc062723c751e8b465ee728b)  -> (artifact id: 'd16b700adc15669c48808a9d489ff514') in 0.008708 seconds 
========================================================================
Received Import Request.
  Time since last request: 0.000325 seconds.
  path: Assets/Data/UniversalRP/PipelineAsset_Medium.asset
  artifactKey: Guid(4b951d17ab0514e2aa290cc17b9fffe0) Importer(815301076,1909f56bfc062723c751e8b465ee728b)
Start importing Assets/Data/UniversalRP/PipelineAsset_Medium.asset using Guid(4b951d17ab0514e2aa290cc17b9fffe0) Importer(815301076,1909f56bfc062723c751e8b465ee728b) BoatDemoRenderer is missing RendererFeatures
This could be due to missing scripts or compile error.
UnityEngine.StackTraceUtility:ExtractStackTrace ()
UnityEngine.DebugLogHandler:LogFormat (UnityEngine.LogType,UnityEngine.Object,string,object[])
UnityEngine.Logger:Log (UnityEngine.LogType,object,UnityEngine.Object)
UnityEngine.Debug:LogError (object,UnityEngine.Object)
UnityEngine.Rendering.Universal.ScriptableRendererData:ValidateRendererFeatures () (at Library/PackageCache/com.unity.render-pipelines.universal@11.0.0/Runtime/ScriptableRendererData.cs:135)
UnityEngine.Rendering.Universal.ScriptableRendererData:OnValidate () (at Library/PackageCache/com.unity.render-pipelines.universal@11.0.0/Runtime/ScriptableRendererData.cs:59)

(Filename: Library/PackageCache/com.unity.render-pipelines.universal@11.0.0/Runtime/ScriptableRendererData.cs Line: 135)

 -> (artifact id: 'dab20e9e4f71cedea96f685808cb699a') in 0.012809 seconds 
========================================================================
Received Import Request.
  Time since last request: 58.745070 seconds.
  path: Assets/TowerDefence_Vsquad/Prefabs/Bullets/GB_piercer_rocket.prefab
  artifactKey: Guid(46099dc6620fb95458abaaf633e19169) Importer(815301076,1909f56bfc062723c751e8b465ee728b)
Start importing Assets/TowerDefence_Vsquad/Prefabs/Bullets/GB_piercer_rocket.prefab using Guid(46099dc6620fb95458abaaf633e19169) Importer(815301076,1909f56bfc062723c751e8b465ee728b)  -> (artifact id: '5274ee6625986af25413d9a720161743') in 0.768633 seconds 
========================================================================
Received Import Request.
  Time since last request: 0.966102 seconds.
  path: Assets/TowerDefence_Vsquad/Prefabs/Bullets/HM_cannon_bullet1.prefab
  artifactKey: Guid(8a976dcd328a4664c85144f33b9c46b0) Importer(815301076,1909f56bfc062723c751e8b465ee728b)
Start importing Assets/TowerDefence_Vsquad/Prefabs/Bullets/HM_cannon_bullet1.prefab using Guid(8a976dcd328a4664c85144f33b9c46b0) Importer(815301076,1909f56bfc062723c751e8b465ee728b)  -> (artifact id: '515d0214901d5a00933745913c135748') in 0.061902 seconds 
========================================================================
Received Prepare
Registering precompiled user dll's ...
Registered in 0.005559 seconds.
Begin MonoManager ReloadAssembly
Native extension for WindowsStandalone target not found
Native extension for WebGL target not found
Refreshing native plugins compatible for Editor in 1.62 ms, found 2 plugins.
Preloading 0 native plugins for Editor in 0.00 ms.
Mono: successfully reloaded assembly
- Completed reload, in  2.840 seconds
Domain Reload Profiling:
	ReloadAssembly (2840ms)
		BeginReloadAssembly (453ms)
			ExecutionOrderSort (0ms)
			DisableScriptedObjects (13ms)
			BackupInstance (0ms)
			ReleaseScriptingObjects (0ms)
			CreateAndSetChildDomain (155ms)
		EndReloadAssembly (2288ms)
			LoadAssemblies (327ms)
			RebuildTransferFunctionScriptingTraits (0ms)
			SetupTypeCache (1130ms)
			ReleaseScriptCaches (7ms)
			RebuildScriptCaches (97ms)
			SetupLoadedEditorAssemblies (630ms)
				LogAssemblyErrors (0ms)
				InitializePlatformSupportModulesInManaged (9ms)
				SetLoadedEditorAssemblies (1ms)
				RefreshPlugins (2ms)
				BeforeProcessingInitializeOnLoad (143ms)
				ProcessInitializeOnLoadAttributes (378ms)
				ProcessInitializeOnLoadMethodAttributes (89ms)
				AfterProcessingInitializeOnLoad (8ms)
				EditorAssembliesLoaded (0ms)
			ExecutionOrderSort2 (0ms)
			AwakeInstancesAfterBackupRestoration (22ms)
Platform modules already initialized, skipping
Switching build target platform(19) subTarget(0) extendedPlatform(0) -> platform(13) subTarget(589824) extendedPlatform(0)
Switching render pipeline 3969d836184059c49a808ab7b2ffa922 -> c57a184794a05b349955e5023bbf7e99
BoatDemoRenderer is missing RendererFeatures
This could be due to missing scripts or compile error.
UnityEngine.StackTraceUtility:ExtractStackTrace ()
UnityEngine.DebugLogHandler:LogFormat (UnityEngine.LogType,UnityEngine.Object,string,object[])
UnityEngine.Logger:Log (UnityEngine.LogType,object,UnityEngine.Object)
UnityEngine.Debug:LogError (object,UnityEngine.Object)
UnityEngine.Rendering.Universal.ScriptableRendererData:ValidateRendererFeatures () (at Library/PackageCache/com.unity.render-pipelines.universal@11.0.0/Runtime/ScriptableRendererData.cs:135)
UnityEngine.Rendering.Universal.ScriptableRendererData:OnValidate () (at Library/PackageCache/com.unity.render-pipelines.universal@11.0.0/Runtime/ScriptableRendererData.cs:59)

(Filename: Library/PackageCache/com.unity.render-pipelines.universal@11.0.0/Runtime/ScriptableRendererData.cs Line: 135)

Refreshing native plugins compatible for Editor in 1.63 ms, found 2 plugins.
Preloading 0 native plugins for Editor in 0.00 ms.
Unloading 3569 Unused Serialized files (Serialized files now loaded: 0)
System memory in use before: 165.9 MB.
System memory in use after: 165.9 MB.

Unloading 57 unused Assets to reduce memory usage. Loaded Objects now: 4266.
Total: 12.743200 ms (FindLiveObjects: 0.518900 ms CreateObjectMapping: 0.465500 ms MarkObjects: 11.107600 ms  DeleteObjects: 0.649100 ms)

AssetImportParameters requested are different than current active one (requested -> active):
  custom:framework-win-MediaFoundation: 216162199b28c13a410421893ffa2e32 -> 
  custom:video-decoder-ogg-theora: a1e56fd34408186e4bbccfd4996cb3dc -> 
  custom:container-muxer-webm: aa71ff27fc2769a1b78a27578f13a17b -> 
  custom:container-demuxer-webm: 4f35f7cbe854078d1ac9338744f61a02 -> 
  custom:container-demuxer-ogg: 62fdf1f143b41e24485cea50d1cbac27 -> 
  custom:video-encoder-webm-vp8: eb34c28f22e8b96e1ab97ce403110664 -> 
  custom:video-decoder-webm-vp8: 9c59270c3fd7afecdb556c50c9e8de78 -> 
  custom:graphics/normal-map-encoding: 01000000000000000000000000000000 -> 02000000000000000000000000000000
  custom:audio-decoder-ogg-vorbis: bf7c407c2cedff20999df2af8eb42d56 -> 
  custom:audio-encoder-webm-vorbis: bf7c407c2cedff20999df2af8eb42d56 -> 
========================================================================
Received Import Request.
  Time since last request: 50.274844 seconds.
  path: Assets/TowerDefence_Vsquad/Prefabs/Flora/Cactus_2.prefab
  artifactKey: Guid(d05d778168e607d41aa48b8d3192f0ac) Importer(815301076,1909f56bfc062723c751e8b465ee728b)
Start importing Assets/TowerDefence_Vsquad/Prefabs/Flora/Cactus_2.prefab using Guid(d05d778168e607d41aa48b8d3192f0ac) Importer(815301076,1909f56bfc062723c751e8b465ee728b)  -> (artifact id: 'e3f9440b405edb0660e829a6d668129a') in 0.837099 seconds 
========================================================================
Received Import Request.
  Time since last request: 152.654994 seconds.
  path: Assets/TowerDefence_Vsquad/Prefabs/Flora/Cactus_4.prefab
  artifactKey: Guid(006e1a480f4ea3e4291f3018d82bd8e9) Importer(815301076,1909f56bfc062723c751e8b465ee728b)
Start importing Assets/TowerDefence_Vsquad/Prefabs/Flora/Cactus_4.prefab using Guid(006e1a480f4ea3e4291f3018d82bd8e9) Importer(815301076,1909f56bfc062723c751e8b465ee728b)  -> (artifact id: 'cb1028c701cef6bc6fdff65916353dc7') in 0.032938 seconds 
========================================================================
Received Import Request.
  Time since last request: 0.899332 seconds.
  path: Assets/TowerDefence_Vsquad/Prefabs/Flora/Skeleton_1.prefab
  artifactKey: Guid(35a64689e013f5841a4f22e15899f99a) Importer(815301076,1909f56bfc062723c751e8b465ee728b)
Start importing Assets/TowerDefence_Vsquad/Prefabs/Flora/Skeleton_1.prefab using Guid(35a64689e013f5841a4f22e15899f99a) Importer(815301076,1909f56bfc062723c751e8b465ee728b)  -> (artifact id: '24f11106600cc6755a8a5dbc95af6c44') in 0.029294 seconds 
========================================================================
Received Import Request.
  Time since last request: 56.194477 seconds.
  path: Assets/TowerDefence_Vsquad/Textures
  artifactKey: Guid(f46a0d1c97ec0204a9810b4982c1b288) Importer(815301076,1909f56bfc062723c751e8b465ee728b)
Start importing Assets/TowerDefence_Vsquad/Textures using Guid(f46a0d1c97ec0204a9810b4982c1b288) Importer(815301076,1909f56bfc062723c751e8b465ee728b)  -> (artifact id: '0640e8a0dfa4d8716a5d6aa36ab30a52') in 0.003038 seconds 
========================================================================
Received Import Request.
  Time since last request: 1.317880 seconds.
  path: Assets/TowerDefence_Vsquad/Textures/Cubes
  artifactKey: Guid(f99e97635e8b0774b954d069e3e96d60) Importer(815301076,1909f56bfc062723c751e8b465ee728b)
Start importing Assets/TowerDefence_Vsquad/Textures/Cubes using Guid(f99e97635e8b0774b954d069e3e96d60) Importer(815301076,1909f56bfc062723c751e8b465ee728b)  -> (artifact id: '1f2a9e9c919c0047f0d4e5858d1ab5bd') in 0.003783 seconds 
========================================================================
Received Import Request.
  Time since last request: 6.051837 seconds.
  path: Assets/TowerDefence_Vsquad/Prefabs/Cubes/GB_River_1.prefab
  artifactKey: Guid(0e757bd8c12449148a79b1a3c3343ffa) Importer(815301076,1909f56bfc062723c751e8b465ee728b)
Start importing Assets/TowerDefence_Vsquad/Prefabs/Cubes/GB_River_1.prefab using Guid(0e757bd8c12449148a79b1a3c3343ffa) Importer(815301076,1909f56bfc062723c751e8b465ee728b)  -> (artifact id: 'e2e42432a38e11d32ba1d6e21e0b4d11') in 0.052450 seconds 
========================================================================
Received Import Request.
  Time since last request: 3.858492 seconds.
  path: Assets/TowerDefence_Vsquad/Prefabs/Cubes/GB_Sand_1.prefab
  artifactKey: Guid(af94647d1c0662b4ebdd6a84489064cd) Importer(815301076,1909f56bfc062723c751e8b465ee728b)
Start importing Assets/TowerDefence_Vsquad/Prefabs/Cubes/GB_Sand_1.prefab using Guid(af94647d1c0662b4ebdd6a84489064cd) Importer(815301076,1909f56bfc062723c751e8b465ee728b)  -> (artifact id: '5a907d3c2e8dcee3f3298948cd629a04') in 0.033726 seconds 
========================================================================
Received Import Request.
  Time since last request: 5.800899 seconds.
  path: Assets/TowerDefence_Vsquad/Prefabs/Hits/HM_cannon_impact_1.prefab
  artifactKey: Guid(5bfd32998278cc44ea4a331c04bd5e45) Importer(815301076,1909f56bfc062723c751e8b465ee728b)
Start importing Assets/TowerDefence_Vsquad/Prefabs/Hits/HM_cannon_impact_1.prefab using Guid(5bfd32998278cc44ea4a331c04bd5e45) Importer(815301076,1909f56bfc062723c751e8b465ee728b)  -> (artifact id: '8edc17890e206a28bc438f78483c326c') in 0.041742 seconds 
========================================================================
Received Import Request.
  Time since last request: 8.051570 seconds.
  path: Assets/TowerDefence_Vsquad/Materials/FX/smoke blended.mat
  artifactKey: Guid(c77f053355b8f1248bafbaaaad21f8c3) Importer(815301076,1909f56bfc062723c751e8b465ee728b)
Start importing Assets/TowerDefence_Vsquad/Materials/FX/smoke blended.mat using Guid(c77f053355b8f1248bafbaaaad21f8c3) Importer(815301076,1909f56bfc062723c751e8b465ee728b)  -> (artifact id: 'ef274c383d6bdb812a0d95459bfb0fb0') in 0.250006 seconds 
========================================================================
Received Import Request.
  Time since last request: 12.251587 seconds.
  path: Assets/TowerDefence_Vsquad/Materials/FX/FirePlace_FX_additive.mat
  artifactKey: Guid(d507038073dcda64c97192fc4cdc8d51) Importer(815301076,1909f56bfc062723c751e8b465ee728b)
Start importing Assets/TowerDefence_Vsquad/Materials/FX/FirePlace_FX_additive.mat using Guid(d507038073dcda64c97192fc4cdc8d51) Importer(815301076,1909f56bfc062723c751e8b465ee728b)  -> (artifact id: 'a0276b3c87626a952b2f18415ce1299f') in 0.028050 seconds 
========================================================================
Received Import Request.
  Time since last request: 1.596246 seconds.
  path: Assets/TowerDefence_Vsquad/Materials/FX/FirePlace_FX_blended.mat
  artifactKey: Guid(834671165b066db4daa35bd828d5312b) Importer(815301076,1909f56bfc062723c751e8b465ee728b)
Start importing Assets/TowerDefence_Vsquad/Materials/FX/FirePlace_FX_blended.mat using Guid(834671165b066db4daa35bd828d5312b) Importer(815301076,1909f56bfc062723c751e8b465ee728b)  -> (artifact id: '4c22ef0e90fdde8c7968a63f73661d36') in 0.015415 seconds 
========================================================================
Received Import Request.
  Time since last request: 5.747878 seconds.
  path: Assets/TowerDefence_Vsquad/Prefabs/Hits/Tower_impact 1.prefab
  artifactKey: Guid(ee3b2e55932f8bd47b5507f5fb1b67d8) Importer(815301076,1909f56bfc062723c751e8b465ee728b)
Start importing Assets/TowerDefence_Vsquad/Prefabs/Hits/Tower_impact 1.prefab using Guid(ee3b2e55932f8bd47b5507f5fb1b67d8) Importer(815301076,1909f56bfc062723c751e8b465ee728b)  -> (artifact id: 'c923f6a354d0e2ee26b7dff1bef382a0') in 0.180854 seconds 
========================================================================
Received Import Request.
  Time since last request: 6.818423 seconds.
  path: Assets/TowerDefence_Vsquad/Materials/FX/GB_Fire_FX_blend.mat
  artifactKey: Guid(182f567b9bca09047887c87bc8667f47) Importer(815301076,1909f56bfc062723c751e8b465ee728b)
Start importing Assets/TowerDefence_Vsquad/Materials/FX/GB_Fire_FX_blend.mat using Guid(182f567b9bca09047887c87bc8667f47) Importer(815301076,1909f56bfc062723c751e8b465ee728b)  -> (artifact id: '0d8cd6e2eca3f993f5cb232fcc693ba1') in 0.018168 seconds 
========================================================================
Received Import Request.
  Time since last request: 5.317755 seconds.
  path: Assets/TowerDefence_Vsquad/Materials/FX/GB_Cannon_FX_1.mat
  artifactKey: Guid(04f54e91226c97642af0ba81f3263024) Importer(815301076,1909f56bfc062723c751e8b465ee728b)
Start importing Assets/TowerDefence_Vsquad/Materials/FX/GB_Cannon_FX_1.mat using Guid(04f54e91226c97642af0ba81f3263024) Importer(815301076,1909f56bfc062723c751e8b465ee728b)  -> (artifact id: '536e42a654d360f594e58807a70657c0') in 0.021087 seconds 
========================================================================
Received Import Request.
  Time since last request: 1.168365 seconds.
  path: Assets/TowerDefence_Vsquad/Materials/FX/GB_Cannon_FX_2.mat
  artifactKey: Guid(674a81323a4a69e44a3d0dd468167942) Importer(815301076,1909f56bfc062723c751e8b465ee728b)
Start importing Assets/TowerDefence_Vsquad/Materials/FX/GB_Cannon_FX_2.mat using Guid(674a81323a4a69e44a3d0dd468167942) Importer(815301076,1909f56bfc062723c751e8b465ee728b)  -> (artifact id: '48e1afc9ce50030471fd98a4cbbc464f') in 0.017649 seconds 
========================================================================
Received Import Request.
  Time since last request: 208.533274 seconds.
  path: Assets/Main Folder/SampleScenes
  artifactKey: Guid(3d8829ac873af27488b1412b8db301ab) Importer(815301076,1909f56bfc062723c751e8b465ee728b)
Start importing Assets/Main Folder/SampleScenes using Guid(3d8829ac873af27488b1412b8db301ab) Importer(815301076,1909f56bfc062723c751e8b465ee728b)  -> (artifact id: 'ef1142f46e2c410b6040e8c75a1090c0') in 0.002335 seconds 
========================================================================
Received Import Request.
  Time since last request: 10.252294 seconds.
  path: Assets/Main Folder/SampleScenes/Prefabs
  artifactKey: Guid(139086bdd1c7fd84b81df0968a55ce2d) Importer(815301076,1909f56bfc062723c751e8b465ee728b)
Start importing Assets/Main Folder/SampleScenes/Prefabs using Guid(139086bdd1c7fd84b81df0968a55ce2d) Importer(815301076,1909f56bfc062723c751e8b465ee728b)  -> (artifact id: '3414039c43d6337b2791243f445f5cf7') in 0.001952 seconds 
========================================================================
Received Import Request.
  Time since last request: 14.683575 seconds.
  path: Assets/Main Folder/SampleScenes/Scenes
  artifactKey: Guid(26c0bbb8e6792b546bf28bbe08d7c96d) Importer(815301076,1909f56bfc062723c751e8b465ee728b)
Start importing Assets/Main Folder/SampleScenes/Scenes using Guid(26c0bbb8e6792b546bf28bbe08d7c96d) Importer(815301076,1909f56bfc062723c751e8b465ee728b)  -> (artifact id: '29f8b2d773b757a8835e29fd9ddb7b09') in 0.002879 seconds 
========================================================================
Received Prepare
Registering precompiled user dll's ...
Registered in 0.009550 seconds.
Begin MonoManager ReloadAssembly
Native extension for WindowsStandalone target not found
Native extension for WebGL target not found
Refreshing native plugins compatible for Editor in 2.08 ms, found 2 plugins.
Preloading 0 native plugins for Editor in 0.00 ms.
BoatDemoRenderer is missing RendererFeatures
This could be due to missing scripts or compile error.
UnityEngine.StackTraceUtility:ExtractStackTrace ()
UnityEngine.DebugLogHandler:LogFormat (UnityEngine.LogType,UnityEngine.Object,string,object[])
UnityEngine.Logger:Log (UnityEngine.LogType,object,UnityEngine.Object)
UnityEngine.Debug:LogError (object,UnityEngine.Object)
UnityEngine.Rendering.Universal.ScriptableRendererData:ValidateRendererFeatures () (at Library/PackageCache/com.unity.render-pipelines.universal@11.0.0/Runtime/ScriptableRendererData.cs:135)
UnityEngine.Rendering.Universal.ScriptableRendererData:OnValidate () (at Library/PackageCache/com.unity.render-pipelines.universal@11.0.0/Runtime/ScriptableRendererData.cs:59)

(Filename: Library/PackageCache/com.unity.render-pipelines.universal@11.0.0/Runtime/ScriptableRendererData.cs Line: 135)

Mono: successfully reloaded assembly
- Completed reload, in  2.220 seconds
Domain Reload Profiling:
	ReloadAssembly (2221ms)
		BeginReloadAssembly (381ms)
			ExecutionOrderSort (0ms)
			DisableScriptedObjects (28ms)
			BackupInstance (0ms)
			ReleaseScriptingObjects (0ms)
			CreateAndSetChildDomain (110ms)
		EndReloadAssembly (1727ms)
			LoadAssemblies (236ms)
			RebuildTransferFunctionScriptingTraits (0ms)
			SetupTypeCache (560ms)
			ReleaseScriptCaches (3ms)
			RebuildScriptCaches (89ms)
			SetupLoadedEditorAssemblies (688ms)
				LogAssemblyErrors (0ms)
				InitializePlatformSupportModulesInManaged (8ms)
				SetLoadedEditorAssemblies (1ms)
				RefreshPlugins (2ms)
				BeforeProcessingInitializeOnLoad (132ms)
				ProcessInitializeOnLoadAttributes (444ms)
				ProcessInitializeOnLoadMethodAttributes (91ms)
				AfterProcessingInitializeOnLoad (9ms)
				EditorAssembliesLoaded (0ms)
			ExecutionOrderSort2 (0ms)
			AwakeInstancesAfterBackupRestoration (28ms)
Platform modules already initialized, skipping
Switching build target platform(19) subTarget(0) extendedPlatform(0) -> platform(13) subTarget(589824) extendedPlatform(0)
Switching render pipeline 3969d836184059c49a808ab7b2ffa922 -> c57a184794a05b349955e5023bbf7e99
Refreshing native plugins compatible for Editor in 1.72 ms, found 2 plugins.
Preloading 0 native plugins for Editor in 0.00 ms.
Unloading 3568 Unused Serialized files (Serialized files now loaded: 0)
System memory in use before: 166.2 MB.
System memory in use after: 166.1 MB.

Unloading 56 unused Assets to reduce memory usage. Loaded Objects now: 4338.
Total: 12.150900 ms (FindLiveObjects: 0.397500 ms CreateObjectMapping: 0.264100 ms MarkObjects: 10.867400 ms  DeleteObjects: 0.620300 ms)

AssetImportParameters requested are different than current active one (requested -> active):
  custom:framework-win-MediaFoundation: 216162199b28c13a410421893ffa2e32 -> 
  custom:video-decoder-ogg-theora: a1e56fd34408186e4bbccfd4996cb3dc -> 
  custom:container-muxer-webm: aa71ff27fc2769a1b78a27578f13a17b -> 
  custom:container-demuxer-webm: 4f35f7cbe854078d1ac9338744f61a02 -> 
  custom:container-demuxer-ogg: 62fdf1f143b41e24485cea50d1cbac27 -> 
  custom:video-encoder-webm-vp8: eb34c28f22e8b96e1ab97ce403110664 -> 
  custom:video-decoder-webm-vp8: 9c59270c3fd7afecdb556c50c9e8de78 -> 
  custom:graphics/normal-map-encoding: 01000000000000000000000000000000 -> 02000000000000000000000000000000
  custom:audio-decoder-ogg-vorbis: bf7c407c2cedff20999df2af8eb42d56 -> 
  custom:audio-encoder-webm-vorbis: bf7c407c2cedff20999df2af8eb42d56 -> 
========================================================================
Received Import Request.
  Time since last request: 2051.224858 seconds.
  path: Assets/Main Folder/SampleScenes/Scenes/CarAIWaypointBased.unity
  artifactKey: Guid(81ce53b350e0a3247ae838c0d57967ab) Importer(815301076,1909f56bfc062723c751e8b465ee728b)
Start importing Assets/Main Folder/SampleScenes/Scenes/CarAIWaypointBased.unity using Guid(81ce53b350e0a3247ae838c0d57967ab) Importer(815301076,1909f56bfc062723c751e8b465ee728b)  -> (artifact id: '6e0c172a99a60d1f95e6eaa04a3673ec') in 0.027693 seconds 
========================================================================
Received Prepare
Registering precompiled user dll's ...
Registered in 0.005462 seconds.
Begin MonoManager ReloadAssembly
Native extension for WindowsStandalone target not found
Native extension for WebGL target not found
Refreshing native plugins compatible for Editor in 1.77 ms, found 2 plugins.
Preloading 0 native plugins for Editor in 0.00 ms.
BoatDemoRenderer is missing RendererFeatures
This could be due to missing scripts or compile error.
UnityEngine.StackTraceUtility:ExtractStackTrace ()
UnityEngine.DebugLogHandler:LogFormat (UnityEngine.LogType,UnityEngine.Object,string,object[])
UnityEngine.Logger:Log (UnityEngine.LogType,object,UnityEngine.Object)
UnityEngine.Debug:LogError (object,UnityEngine.Object)
UnityEngine.Rendering.Universal.ScriptableRendererData:ValidateRendererFeatures () (at Library/PackageCache/com.unity.render-pipelines.universal@11.0.0/Runtime/ScriptableRendererData.cs:135)
UnityEngine.Rendering.Universal.ScriptableRendererData:OnValidate () (at Library/PackageCache/com.unity.render-pipelines.universal@11.0.0/Runtime/ScriptableRendererData.cs:59)

(Filename: Library/PackageCache/com.unity.render-pipelines.universal@11.0.0/Runtime/ScriptableRendererData.cs Line: 135)

Mono: successfully reloaded assembly
- Completed reload, in  2.069 seconds
Domain Reload Profiling:
	ReloadAssembly (2070ms)
		BeginReloadAssembly (271ms)
			ExecutionOrderSort (0ms)
			DisableScriptedObjects (10ms)
			BackupInstance (0ms)
			ReleaseScriptingObjects (0ms)
			CreateAndSetChildDomain (117ms)
		EndReloadAssembly (1698ms)
			LoadAssemblies (177ms)
			RebuildTransferFunctionScriptingTraits (0ms)
			SetupTypeCache (557ms)
			ReleaseScriptCaches (3ms)
			RebuildScriptCaches (92ms)
			SetupLoadedEditorAssemblies (639ms)
				LogAssemblyErrors (0ms)
				InitializePlatformSupportModulesInManaged (8ms)
				SetLoadedEditorAssemblies (1ms)
				RefreshPlugins (2ms)
				BeforeProcessingInitializeOnLoad (137ms)
				ProcessInitializeOnLoadAttributes (390ms)
				ProcessInitializeOnLoadMethodAttributes (91ms)
				AfterProcessingInitializeOnLoad (8ms)
				EditorAssembliesLoaded (0ms)
			ExecutionOrderSort2 (0ms)
			AwakeInstancesAfterBackupRestoration (30ms)
Platform modules already initialized, skipping
Switching build target platform(19) subTarget(0) extendedPlatform(0) -> platform(13) subTarget(589824) extendedPlatform(0)
Refreshing native plugins compatible for Editor in 1.65 ms, found 2 plugins.
Preloading 0 native plugins for Editor in 0.00 ms.
Unloading 3566 Unused Serialized files (Serialized files now loaded: 0)
System memory in use before: 166.2 MB.
System memory in use after: 166.1 MB.

Unloading 54 unused Assets to reduce memory usage. Loaded Objects now: 4340.
Total: 12.954200 ms (FindLiveObjects: 0.484600 ms CreateObjectMapping: 0.252200 ms MarkObjects: 11.901900 ms  DeleteObjects: 0.313000 ms)

AssetImportParameters requested are different than current active one (requested -> active):
  custom:framework-win-MediaFoundation: 216162199b28c13a410421893ffa2e32 -> 
  custom:video-decoder-ogg-theora: a1e56fd34408186e4bbccfd4996cb3dc -> 
  custom:container-muxer-webm: aa71ff27fc2769a1b78a27578f13a17b -> 
  custom:container-demuxer-webm: 4f35f7cbe854078d1ac9338744f61a02 -> 
  custom:container-demuxer-ogg: 62fdf1f143b41e24485cea50d1cbac27 -> 
  custom:video-encoder-webm-vp8: eb34c28f22e8b96e1ab97ce403110664 -> 
  custom:video-decoder-webm-vp8: 9c59270c3fd7afecdb556c50c9e8de78 -> 
  custom:graphics/normal-map-encoding: 01000000000000000000000000000000 -> 02000000000000000000000000000000
  custom:audio-decoder-ogg-vorbis: bf7c407c2cedff20999df2af8eb42d56 -> 
  custom:audio-encoder-webm-vorbis: bf7c407c2cedff20999df2af8eb42d56 -> 
========================================================================
Received Import Request.
  Time since last request: 44.636229 seconds.
  path: Assets/Main Folder/Standard Assets/ParticleSystems/Materials/ParticleFirework.mat
  artifactKey: Guid(9f3080141f1f64197825663e067f94f8) Importer(815301076,1909f56bfc062723c751e8b465ee728b)
Start importing Assets/Main Folder/Standard Assets/ParticleSystems/Materials/ParticleFirework.mat using Guid(9f3080141f1f64197825663e067f94f8) Importer(815301076,1909f56bfc062723c751e8b465ee728b)  -> (artifact id: '29b1ff1749fef5a61a58d7676bf32e2d') in 0.439989 seconds 
========================================================================
Received Import Request.
  Time since last request: 9.233196 seconds.
  path: Assets/Main Folder/Standard Assets/ParticleSystems/Materials/ParticleDuststorm.mat
  artifactKey: Guid(7911795df27dd464190eed77dda90191) Importer(815301076,1909f56bfc062723c751e8b465ee728b)
Start importing Assets/Main Folder/Standard Assets/ParticleSystems/Materials/ParticleDuststorm.mat using Guid(7911795df27dd464190eed77dda90191) Importer(815301076,1909f56bfc062723c751e8b465ee728b)  -> (artifact id: 'ad3654a2982152a08a2247a6b62f8fff') in 0.043661 seconds 
========================================================================
Received Import Request.
  Time since last request: 52.241600 seconds.
  path: Assets/Main Folder/SampleScenes/Scenes/AircraftPropellerAI.unity
  artifactKey: Guid(e1ee66940de9023479566432a1a00132) Importer(815301076,1909f56bfc062723c751e8b465ee728b)
Start importing Assets/Main Folder/SampleScenes/Scenes/AircraftPropellerAI.unity using Guid(e1ee66940de9023479566432a1a00132) Importer(815301076,1909f56bfc062723c751e8b465ee728b)  -> (artifact id: 'da2efb788adc752aca1137495f264ed9') in 0.002492 seconds 
========================================================================
Received Prepare
Registering precompiled user dll's ...
Registered in 0.011887 seconds.
Begin MonoManager ReloadAssembly
Native extension for WindowsStandalone target not found
Native extension for WebGL target not found
Refreshing native plugins compatible for Editor in 1.91 ms, found 2 plugins.
Preloading 0 native plugins for Editor in 0.00 ms.
BoatDemoRenderer is missing RendererFeatures
This could be due to missing scripts or compile error.
UnityEngine.StackTraceUtility:ExtractStackTrace ()
UnityEngine.DebugLogHandler:LogFormat (UnityEngine.LogType,UnityEngine.Object,string,object[])
UnityEngine.Logger:Log (UnityEngine.LogType,object,UnityEngine.Object)
UnityEngine.Debug:LogError (object,UnityEngine.Object)
UnityEngine.Rendering.Universal.ScriptableRendererData:ValidateRendererFeatures () (at Library/PackageCache/com.unity.render-pipelines.universal@11.0.0/Runtime/ScriptableRendererData.cs:135)
UnityEngine.Rendering.Universal.ScriptableRendererData:OnValidate () (at Library/PackageCache/com.unity.render-pipelines.universal@11.0.0/Runtime/ScriptableRendererData.cs:59)

(Filename: Library/PackageCache/com.unity.render-pipelines.universal@11.0.0/Runtime/ScriptableRendererData.cs Line: 135)

Mono: successfully reloaded assembly
- Completed reload, in  3.062 seconds
Domain Reload Profiling:
	ReloadAssembly (3063ms)
		BeginReloadAssembly (457ms)
			ExecutionOrderSort (0ms)
			DisableScriptedObjects (12ms)
			BackupInstance (0ms)
			ReleaseScriptingObjects (0ms)
			CreateAndSetChildDomain (148ms)
		EndReloadAssembly (2382ms)
			LoadAssemblies (321ms)
			RebuildTransferFunctionScriptingTraits (0ms)
			SetupTypeCache (529ms)
			ReleaseScriptCaches (3ms)
			RebuildScriptCaches (88ms)
			SetupLoadedEditorAssemblies (1235ms)
				LogAssemblyErrors (0ms)
				InitializePlatformSupportModulesInManaged (11ms)
				SetLoadedEditorAssemblies (1ms)
				RefreshPlugins (2ms)
				BeforeProcessingInitializeOnLoad (290ms)
				ProcessInitializeOnLoadAttributes (694ms)
				ProcessInitializeOnLoadMethodAttributes (218ms)
				AfterProcessingInitializeOnLoad (19ms)
				EditorAssembliesLoaded (1ms)
			ExecutionOrderSort2 (0ms)
			AwakeInstancesAfterBackupRestoration (52ms)
Platform modules already initialized, skipping
Switching build target platform(19) subTarget(0) extendedPlatform(0) -> platform(13) subTarget(589824) extendedPlatform(0)
Refreshing native plugins compatible for Editor in 1.75 ms, found 2 plugins.
Preloading 0 native plugins for Editor in 0.00 ms.
Unloading 3566 Unused Serialized files (Serialized files now loaded: 0)
System memory in use before: 166.3 MB.
System memory in use after: 166.3 MB.

Unloading 54 unused Assets to reduce memory usage. Loaded Objects now: 4378.
Total: 12.519600 ms (FindLiveObjects: 0.674200 ms CreateObjectMapping: 0.461700 ms MarkObjects: 11.068900 ms  DeleteObjects: 0.312800 ms)

AssetImportParameters requested are different than current active one (requested -> active):
  custom:framework-win-MediaFoundation: 216162199b28c13a410421893ffa2e32 -> 
  custom:video-decoder-ogg-theora: a1e56fd34408186e4bbccfd4996cb3dc -> 
  custom:container-muxer-webm: aa71ff27fc2769a1b78a27578f13a17b -> 
  custom:container-demuxer-webm: 4f35f7cbe854078d1ac9338744f61a02 -> 
  custom:container-demuxer-ogg: 62fdf1f143b41e24485cea50d1cbac27 -> 
  custom:video-encoder-webm-vp8: eb34c28f22e8b96e1ab97ce403110664 -> 
  custom:video-decoder-webm-vp8: 9c59270c3fd7afecdb556c50c9e8de78 -> 
  custom:graphics/normal-map-encoding: 01000000000000000000000000000000 -> 02000000000000000000000000000000
  custom:audio-decoder-ogg-vorbis: bf7c407c2cedff20999df2af8eb42d56 -> 
  custom:audio-encoder-webm-vorbis: bf7c407c2cedff20999df2af8eb42d56 -> 
========================================================================
Received Import Request.
  Time since last request: 1728.662546 seconds.
  path: Assets/Cameras.prefab
  artifactKey: Guid(f39ad62417a228247b21bee41cc6aba0) Importer(815301076,1909f56bfc062723c751e8b465ee728b)
Start importing Assets/Cameras.prefab using Guid(f39ad62417a228247b21bee41cc6aba0) Importer(815301076,1909f56bfc062723c751e8b465ee728b)  -> (artifact id: '1eb3a8bd1872502e3b94d1af42342f49') in 0.037126 seconds 
========================================================================
Received Import Request.
  Time since last request: 73.158005 seconds.
  path: Assets/Main Folder/Scene/SceneSettings.lighting
  artifactKey: Guid(2339c923ff55ad8469d5a27db8a80bfa) Importer(815301076,1909f56bfc062723c751e8b465ee728b)
Start importing Assets/Main Folder/Scene/SceneSettings.lighting using Guid(2339c923ff55ad8469d5a27db8a80bfa) Importer(815301076,1909f56bfc062723c751e8b465ee728b) LightingSettings: switching bake backend from 1 to 0.
 -> (artifact id: '697796eaa8d3221c79a17431757b9d9b') in 0.017220 seconds 
========================================================================
Received Prepare
Registering precompiled user dll's ...
Registered in 0.010240 seconds.
Begin MonoManager ReloadAssembly
Native extension for WindowsStandalone target not found
Native extension for WebGL target not found
Refreshing native plugins compatible for Editor in 1.80 ms, found 2 plugins.
Preloading 0 native plugins for Editor in 0.00 ms.
BoatDemoRenderer is missing RendererFeatures
This could be due to missing scripts or compile error.
UnityEngine.StackTraceUtility:ExtractStackTrace ()
UnityEngine.DebugLogHandler:LogFormat (UnityEngine.LogType,UnityEngine.Object,string,object[])
UnityEngine.Logger:Log (UnityEngine.LogType,object,UnityEngine.Object)
UnityEngine.Debug:LogError (object,UnityEngine.Object)
UnityEngine.Rendering.Universal.ScriptableRendererData:ValidateRendererFeatures () (at Library/PackageCache/com.unity.render-pipelines.universal@11.0.0/Runtime/ScriptableRendererData.cs:135)
UnityEngine.Rendering.Universal.ScriptableRendererData:OnValidate () (at Library/PackageCache/com.unity.render-pipelines.universal@11.0.0/Runtime/ScriptableRendererData.cs:59)

(Filename: Library/PackageCache/com.unity.render-pipelines.universal@11.0.0/Runtime/ScriptableRendererData.cs Line: 135)

Mono: successfully reloaded assembly
- Completed reload, in  2.220 seconds
Domain Reload Profiling:
	ReloadAssembly (2221ms)
		BeginReloadAssembly (316ms)
			ExecutionOrderSort (0ms)
			DisableScriptedObjects (9ms)
			BackupInstance (0ms)
			ReleaseScriptingObjects (0ms)
			CreateAndSetChildDomain (108ms)
		EndReloadAssembly (1798ms)
			LoadAssemblies (224ms)
			RebuildTransferFunctionScriptingTraits (0ms)
			SetupTypeCache (623ms)
			ReleaseScriptCaches (3ms)
			RebuildScriptCaches (108ms)
			SetupLoadedEditorAssemblies (630ms)
				LogAssemblyErrors (0ms)
				InitializePlatformSupportModulesInManaged (8ms)
				SetLoadedEditorAssemblies (1ms)
				RefreshPlugins (2ms)
				BeforeProcessingInitializeOnLoad (135ms)
				ProcessInitializeOnLoadAttributes (386ms)
				ProcessInitializeOnLoadMethodAttributes (90ms)
				AfterProcessingInitializeOnLoad (8ms)
				EditorAssembliesLoaded (0ms)
			ExecutionOrderSort2 (0ms)
			AwakeInstancesAfterBackupRestoration (30ms)
Platform modules already initialized, skipping
Switching build target platform(19) subTarget(0) extendedPlatform(0) -> platform(13) subTarget(589824) extendedPlatform(0)
Refreshing native plugins compatible for Editor in 1.71 ms, found 2 plugins.
Preloading 0 native plugins for Editor in 0.00 ms.
Unloading 3566 Unused Serialized files (Serialized files now loaded: 0)
System memory in use before: 166.3 MB.
System memory in use after: 166.3 MB.

Unloading 54 unused Assets to reduce memory usage. Loaded Objects now: 4380.
Total: 13.379600 ms (FindLiveObjects: 0.716100 ms CreateObjectMapping: 0.442800 ms MarkObjects: 11.920900 ms  DeleteObjects: 0.297300 ms)

AssetImportParameters requested are different than current active one (requested -> active):
  custom:framework-win-MediaFoundation: 216162199b28c13a410421893ffa2e32 -> 
  custom:video-decoder-ogg-theora: a1e56fd34408186e4bbccfd4996cb3dc -> 
  custom:container-muxer-webm: aa71ff27fc2769a1b78a27578f13a17b -> 
  custom:container-demuxer-webm: 4f35f7cbe854078d1ac9338744f61a02 -> 
  custom:container-demuxer-ogg: 62fdf1f143b41e24485cea50d1cbac27 -> 
  custom:video-encoder-webm-vp8: eb34c28f22e8b96e1ab97ce403110664 -> 
  custom:video-decoder-webm-vp8: 9c59270c3fd7afecdb556c50c9e8de78 -> 
  custom:graphics/normal-map-encoding: 01000000000000000000000000000000 -> 02000000000000000000000000000000
  custom:audio-decoder-ogg-vorbis: bf7c407c2cedff20999df2af8eb42d56 -> 
  custom:audio-encoder-webm-vorbis: bf7c407c2cedff20999df2af8eb42d56 -> 
AssetImportWorkerClient::OnTransportError - code=2 error=End of file
