Using pre-set license
Built from '2021.1/staging' branch; Version is '2021.1.20f1 (be552157821d) revision 12473633'; Using compiler version '192528614'; Build Type 'Release'
OS: 'Windows 10 Pro; OS build 19042.1165; Version 2009; 64bit' Language: 'en' Physical Memory: 8097 MB
BatchMode: 1, IsHumanControllingUs: 0, StartBugReporterOnCrash: 0, Is64bit: 1, IsPro: 0

COMMAND LINE ARGUMENTS:
C:\Program Files\Unity\Hub\Editor\2021.1.20f1\Editor\Unity.exe
-adb2
-batchMode
-noUpm
-name
AssetImportWorker0
-projectPath
F:/GitHub/tanker-/Cannon
-logFile
Logs/AssetImportWorker0.log
-srvPort
50613
Successfully changed project path to: F:/GitHub/tanker-/Cannon
F:/GitHub/tanker-/Cannon
Using Asset Import Pipeline V2.
Refreshing native plugins compatible for Editor in 151.12 ms, found 2 plugins.
Preloading 0 native plugins for Editor in 0.00 ms.
Initialize engine version: 2021.1.20f1 (be552157821d)
[Subsystems] Discovering subsystems at path C:/Program Files/Unity/Hub/Editor/2021.1.20f1/Editor/Data/Resources/UnitySubsystems
[Subsystems] Discovering subsystems at path F:/GitHub/tanker-/Cannon/Assets
GfxDevice: creating device client; threaded=0; jobified=0
Direct3D:
    Version:  Direct3D 11.0 [level 11.1]
    Renderer: Intel(R) HD Graphics Family (ID=0xa16)
    Vendor:   Intel
    VRAM:     2048 MB
    Driver:   20.19.15.4835
Initialize mono
Mono path[0] = 'C:/Program Files/Unity/Hub/Editor/2021.1.20f1/Editor/Data/Managed'
Mono path[1] = 'C:/Program Files/Unity/Hub/Editor/2021.1.20f1/Editor/Data/MonoBleedingEdge/lib/mono/unityjit'
Mono config path = 'C:/Program Files/Unity/Hub/Editor/2021.1.20f1/Editor/Data/MonoBleedingEdge/etc'
Using monoOptions --debugger-agent=transport=dt_socket,embedding=1,server=y,suspend=n,address=127.0.0.1:56340
Begin MonoManager ReloadAssembly
Registering precompiled unity dll's ...
Register platform support module: C:/Program Files/Unity/Hub/Editor/2021.1.20f1/Editor/Data/PlaybackEngines/WebGLSupport/UnityEditor.WebGL.Extensions.dll
Register platform support module: C:/Program Files/Unity/Hub/Editor/2021.1.20f1/Editor/Data/PlaybackEngines/WindowsStandaloneSupport/UnityEditor.WindowsStandalone.Extensions.dll
Registered in 0.003598 seconds.
Native extension for WindowsStandalone target not found
Native extension for WebGL target not found
Refreshing native plugins compatible for Editor in 153.58 ms, found 2 plugins.
Preloading 0 native plugins for Editor in 0.00 ms.
Mono: successfully reloaded assembly
- Completed reload, in  2.867 seconds
Domain Reload Profiling:
	ReloadAssembly (2867ms)
		BeginReloadAssembly (102ms)
			ExecutionOrderSort (0ms)
			DisableScriptedObjects (0ms)
			BackupInstance (0ms)
			ReleaseScriptingObjects (0ms)
			CreateAndSetChildDomain (1ms)
		EndReloadAssembly (871ms)
			LoadAssemblies (99ms)
			RebuildTransferFunctionScriptingTraits (0ms)
			SetupTypeCache (311ms)
			ReleaseScriptCaches (0ms)
			RebuildScriptCaches (56ms)
			SetupLoadedEditorAssemblies (413ms)
				LogAssemblyErrors (0ms)
				InitializePlatformSupportModulesInManaged (11ms)
				SetLoadedEditorAssemblies (0ms)
				RefreshPlugins (154ms)
				BeforeProcessingInitializeOnLoad (3ms)
				ProcessInitializeOnLoadAttributes (191ms)
				ProcessInitializeOnLoadMethodAttributes (54ms)
				AfterProcessingInitializeOnLoad (0ms)
				EditorAssembliesLoaded (0ms)
			ExecutionOrderSort2 (0ms)
			AwakeInstancesAfterBackupRestoration (0ms)
Platform modules already initialized, skipping
Registering precompiled user dll's ...
Registered in 0.008437 seconds.
Begin MonoManager ReloadAssembly
Native extension for WindowsStandalone target not found
Native extension for WebGL target not found
Refreshing native plugins compatible for Editor in 147.17 ms, found 2 plugins.
Preloading 0 native plugins for Editor in 0.00 ms.
Mono: successfully reloaded assembly
- Completed reload, in  2.765 seconds
Domain Reload Profiling:
	ReloadAssembly (2766ms)
		BeginReloadAssembly (365ms)
			ExecutionOrderSort (0ms)
			DisableScriptedObjects (8ms)
			BackupInstance (0ms)
			ReleaseScriptingObjects (0ms)
			CreateAndSetChildDomain (48ms)
		EndReloadAssembly (2188ms)
			LoadAssemblies (280ms)
			RebuildTransferFunctionScriptingTraits (0ms)
			SetupTypeCache (806ms)
			ReleaseScriptCaches (2ms)
			RebuildScriptCaches (109ms)
			SetupLoadedEditorAssemblies (872ms)
				LogAssemblyErrors (0ms)
				InitializePlatformSupportModulesInManaged (9ms)
				SetLoadedEditorAssemblies (0ms)
				RefreshPlugins (147ms)
				BeforeProcessingInitializeOnLoad (134ms)
				ProcessInitializeOnLoadAttributes (469ms)
				ProcessInitializeOnLoadMethodAttributes (102ms)
				AfterProcessingInitializeOnLoad (11ms)
				EditorAssembliesLoaded (0ms)
			ExecutionOrderSort2 (0ms)
			AwakeInstancesAfterBackupRestoration (12ms)
Platform modules already initialized, skipping
========================================================================
Worker process is ready to serve import requests
Launched and connected shader compiler UnityShaderCompiler.exe after 0.14 seconds
Refreshing native plugins compatible for Editor in 2.72 ms, found 2 plugins.
Preloading 0 native plugins for Editor in 0.00 ms.
Unloading 3732 Unused Serialized files (Serialized files now loaded: 0)
System memory in use before: 174.2 MB.
System memory in use after: 174.1 MB.

Unloading 61 unused Assets to reduce memory usage. Loaded Objects now: 4165.
Total: 19.453800 ms (FindLiveObjects: 0.528800 ms CreateObjectMapping: 0.299700 ms MarkObjects: 18.038000 ms  DeleteObjects: 0.584200 ms)

AssetImportParameters requested are different than current active one (requested -> active):
  custom:framework-win-MediaFoundation: 216162199b28c13a410421893ffa2e32 -> 
  custom:video-decoder-ogg-theora: a1e56fd34408186e4bbccfd4996cb3dc -> 
  custom:container-muxer-webm: aa71ff27fc2769a1b78a27578f13a17b -> 
  custom:container-demuxer-webm: 4f35f7cbe854078d1ac9338744f61a02 -> 
  custom:container-demuxer-ogg: 62fdf1f143b41e24485cea50d1cbac27 -> 
  custom:video-encoder-webm-vp8: eb34c28f22e8b96e1ab97ce403110664 -> 
  custom:video-decoder-webm-vp8: 9c59270c3fd7afecdb556c50c9e8de78 -> 
  custom:audio-decoder-ogg-vorbis: bf7c407c2cedff20999df2af8eb42d56 -> 
  custom:audio-encoder-webm-vorbis: bf7c407c2cedff20999df2af8eb42d56 -> 
========================================================================
Received Import Request.
  path: Assets/Cartoon_Tank_Free/CTF_3dModel
  artifactKey: Guid(a57ab0e3c282b314da21540f93625c1b) Importer(815301076,1909f56bfc062723c751e8b465ee728b)
Start importing Assets/Cartoon_Tank_Free/CTF_3dModel using Guid(a57ab0e3c282b314da21540f93625c1b) Importer(815301076,1909f56bfc062723c751e8b465ee728b)  -> (artifact id: '0647fd7fa0c598dcdd8800fb24827db4') in 0.012864 seconds 
========================================================================
Received Import Request.
  Time since last request: 0.000376 seconds.
  path: Assets/Cartoon_Tank_Free
  artifactKey: Guid(e046b9d9d73f66349a62fc9453fe7446) Importer(815301076,1909f56bfc062723c751e8b465ee728b)
Start importing Assets/Cartoon_Tank_Free using Guid(e046b9d9d73f66349a62fc9453fe7446) Importer(815301076,1909f56bfc062723c751e8b465ee728b)  -> (artifact id: '80c74bec35068b6cf8419322f3e69729') in 0.002463 seconds 
========================================================================
Received Import Request.
  Time since last request: 0.000712 seconds.
  path: Assets/Cartoon_Tank_Free/CTF_3dModel/СTF_TankFree.FBX
  artifactKey: Guid(3d210b2be9d4b9144b53828dfc2e73e3) Importer(815301076,1909f56bfc062723c751e8b465ee728b)
Start importing Assets/Cartoon_Tank_Free/CTF_3dModel/СTF_TankFree.FBX using Guid(3d210b2be9d4b9144b53828dfc2e73e3) Importer(815301076,1909f56bfc062723c751e8b465ee728b)  -> (artifact id: '20a760745cfe19a6b9c190b080d5957b') in 1.514702 seconds 
========================================================================
Received Import Request.
  Time since last request: 7.685767 seconds.
  path: Assets/Enemy/Prefabs
  artifactKey: Guid(05916cca05b1b834aa2525095f61232d) Importer(815301076,1909f56bfc062723c751e8b465ee728b)
Start importing Assets/Enemy/Prefabs using Guid(05916cca05b1b834aa2525095f61232d) Importer(815301076,1909f56bfc062723c751e8b465ee728b)  -> (artifact id: '7f6e3441820cc39b429c06559bea781f') in 0.003381 seconds 
========================================================================
Received Import Request.
  Time since last request: 1.423484 seconds.
  path: Assets/Enemy/Prefabs/Mini War Helicopter Black.prefab
  artifactKey: Guid(d4c6c2eef996d7f42aa64a85f49d1f8f) Importer(815301076,1909f56bfc062723c751e8b465ee728b)
Start importing Assets/Enemy/Prefabs/Mini War Helicopter Black.prefab using Guid(d4c6c2eef996d7f42aa64a85f49d1f8f) Importer(815301076,1909f56bfc062723c751e8b465ee728b)  -> (artifact id: 'a3957e896ac8332db376e956f76058ff') in 1.639743 seconds 
========================================================================
Received Import Request.
  Time since last request: 4.391606 seconds.
  path: Assets/Main Folder
  artifactKey: Guid(67c35d7cb35cd5a46ae8a54c2d42d9cf) Importer(815301076,1909f56bfc062723c751e8b465ee728b)
Start importing Assets/Main Folder using Guid(67c35d7cb35cd5a46ae8a54c2d42d9cf) Importer(815301076,1909f56bfc062723c751e8b465ee728b)  -> (artifact id: '68026c6c7fa8e334de99091479360b66') in 0.002341 seconds 
========================================================================
Received Import Request.
  Time since last request: 6.178698 seconds.
  path: Assets/Main Folder/Standard Assets
  artifactKey: Guid(04ca1f1f17f08ac4eb925c6680467b33) Importer(815301076,1909f56bfc062723c751e8b465ee728b)
Start importing Assets/Main Folder/Standard Assets using Guid(04ca1f1f17f08ac4eb925c6680467b33) Importer(815301076,1909f56bfc062723c751e8b465ee728b)  -> (artifact id: '6eccadd073f2f5db1782fb4d63627e08') in 0.003684 seconds 
========================================================================
Received Import Request.
  Time since last request: 18.870512 seconds.
  path: Assets/Small Tank
  artifactKey: Guid(597f82e7d0c9ce149a58a3f1736d8348) Importer(815301076,1909f56bfc062723c751e8b465ee728b)
Start importing Assets/Small Tank using Guid(597f82e7d0c9ce149a58a3f1736d8348) Importer(815301076,1909f56bfc062723c751e8b465ee728b)  -> (artifact id: 'c26093af6283ea309d496c6a39ab9e2e') in 0.001884 seconds 
========================================================================
Received Import Request.
  Time since last request: 1.363726 seconds.
  path: Assets/Small Tank/SmallTank.prefab
  artifactKey: Guid(65620b9bb482dd3489cba0f1334f3f6d) Importer(815301076,1909f56bfc062723c751e8b465ee728b)
Start importing Assets/Small Tank/SmallTank.prefab using Guid(65620b9bb482dd3489cba0f1334f3f6d) Importer(815301076,1909f56bfc062723c751e8b465ee728b)  -> (artifact id: 'c1d20e7e86446113925c61aa001a4eb1') in 0.576020 seconds 
AssetImportWorkerClient::OnTransportError - code=2 error=End of file
