Using pre-set license
Built from '2021.1/staging' branch; Version is '2021.1.20f1 (be552157821d) revision 12473633'; Using compiler version '192528614'; Build Type 'Release'
OS: 'Windows 10 Pro; OS build 19042.1165; Version 2009; 64bit' Language: 'en' Physical Memory: 8097 MB
BatchMode: 1, IsHumanControllingUs: 0, StartBugReporterOnCrash: 0, Is64bit: 1, IsPro: 0

COMMAND LINE ARGUMENTS:
C:\Program Files\Unity\Hub\Editor\2021.1.20f1\Editor\Unity.exe
-adb2
-batchMode
-noUpm
-name
AssetImportWorker8
-projectPath
F:/GitHub/tanker-/Cannon
-logFile
Logs/AssetImportWorker8.log
-srvPort
63135
Successfully changed project path to: F:/GitHub/tanker-/Cannon
F:/GitHub/tanker-/Cannon
Using Asset Import Pipeline V2.
Refreshing native plugins compatible for Editor in 775.53 ms, found 2 plugins.
Preloading 0 native plugins for Editor in 0.00 ms.
Initialize engine version: 2021.1.20f1 (be552157821d)
[Subsystems] Discovering subsystems at path C:/Program Files/Unity/Hub/Editor/2021.1.20f1/Editor/Data/Resources/UnitySubsystems
[Subsystems] Discovering subsystems at path F:/GitHub/tanker-/Cannon/Assets
GfxDevice: creating device client; threaded=0; jobified=0
Direct3D:
    Version:  Direct3D 11.0 [level 11.1]
    Renderer: Intel(R) HD Graphics Family (ID=0xa16)
    Vendor:   Intel
    VRAM:     2048 MB
    Driver:   20.19.15.4835
Initialize mono
Mono path[0] = 'C:/Program Files/Unity/Hub/Editor/2021.1.20f1/Editor/Data/Managed'
Mono path[1] = 'C:/Program Files/Unity/Hub/Editor/2021.1.20f1/Editor/Data/MonoBleedingEdge/lib/mono/unityjit'
Mono config path = 'C:/Program Files/Unity/Hub/Editor/2021.1.20f1/Editor/Data/MonoBleedingEdge/etc'
Using monoOptions --debugger-agent=transport=dt_socket,embedding=1,server=y,suspend=n,address=127.0.0.1:56392
Begin MonoManager ReloadAssembly
Registering precompiled unity dll's ...
Register platform support module: C:/Program Files/Unity/Hub/Editor/2021.1.20f1/Editor/Data/PlaybackEngines/WebGLSupport/UnityEditor.WebGL.Extensions.dll
Register platform support module: C:/Program Files/Unity/Hub/Editor/2021.1.20f1/Editor/Data/PlaybackEngines/WindowsStandaloneSupport/UnityEditor.WindowsStandalone.Extensions.dll
Registered in 0.011455 seconds.
Native extension for WindowsStandalone target not found
Native extension for WebGL target not found
Refreshing native plugins compatible for Editor in 149.22 ms, found 2 plugins.
Preloading 0 native plugins for Editor in 0.00 ms.
Mono: successfully reloaded assembly
- Completed reload, in  6.653 seconds
Domain Reload Profiling:
	ReloadAssembly (6653ms)
		BeginReloadAssembly (331ms)
			ExecutionOrderSort (0ms)
			DisableScriptedObjects (0ms)
			BackupInstance (0ms)
			ReleaseScriptingObjects (0ms)
			CreateAndSetChildDomain (4ms)
		EndReloadAssembly (1058ms)
			LoadAssemblies (323ms)
			RebuildTransferFunctionScriptingTraits (0ms)
			SetupTypeCache (390ms)
			ReleaseScriptCaches (0ms)
			RebuildScriptCaches (74ms)
			SetupLoadedEditorAssemblies (493ms)
				LogAssemblyErrors (0ms)
				InitializePlatformSupportModulesInManaged (12ms)
				SetLoadedEditorAssemblies (0ms)
				RefreshPlugins (149ms)
				BeforeProcessingInitializeOnLoad (2ms)
				ProcessInitializeOnLoadAttributes (217ms)
				ProcessInitializeOnLoadMethodAttributes (111ms)
				AfterProcessingInitializeOnLoad (0ms)
				EditorAssembliesLoaded (1ms)
			ExecutionOrderSort2 (0ms)
			AwakeInstancesAfterBackupRestoration (0ms)
Platform modules already initialized, skipping
Registering precompiled user dll's ...
Registered in 0.010953 seconds.
Begin MonoManager ReloadAssembly
Native extension for WindowsStandalone target not found
Native extension for WebGL target not found
Refreshing native plugins compatible for Editor in 270.57 ms, found 2 plugins.
Preloading 0 native plugins for Editor in 0.00 ms.
Mono: successfully reloaded assembly
- Completed reload, in  4.331 seconds
Domain Reload Profiling:
	ReloadAssembly (4332ms)
		BeginReloadAssembly (326ms)
			ExecutionOrderSort (0ms)
			DisableScriptedObjects (8ms)
			BackupInstance (0ms)
			ReleaseScriptingObjects (0ms)
			CreateAndSetChildDomain (68ms)
		EndReloadAssembly (3853ms)
			LoadAssemblies (202ms)
			RebuildTransferFunctionScriptingTraits (0ms)
			SetupTypeCache (1308ms)
			ReleaseScriptCaches (1ms)
			RebuildScriptCaches (231ms)
			SetupLoadedEditorAssemblies (1594ms)
				LogAssemblyErrors (0ms)
				InitializePlatformSupportModulesInManaged (75ms)
				SetLoadedEditorAssemblies (2ms)
				RefreshPlugins (271ms)
				BeforeProcessingInitializeOnLoad (220ms)
				ProcessInitializeOnLoadAttributes (835ms)
				ProcessInitializeOnLoadMethodAttributes (169ms)
				AfterProcessingInitializeOnLoad (22ms)
				EditorAssembliesLoaded (1ms)
			ExecutionOrderSort2 (0ms)
			AwakeInstancesAfterBackupRestoration (48ms)
Platform modules already initialized, skipping
========================================================================
Worker process is ready to serve import requests
Launched and connected shader compiler UnityShaderCompiler.exe after 1.05 seconds
Refreshing native plugins compatible for Editor in 3.34 ms, found 2 plugins.
Preloading 0 native plugins for Editor in 0.00 ms.
Unloading 3731 Unused Serialized files (Serialized files now loaded: 0)
System memory in use before: 174.0 MB.
System memory in use after: 173.9 MB.

Unloading 61 unused Assets to reduce memory usage. Loaded Objects now: 4163.
Total: 18.428800 ms (FindLiveObjects: 1.722700 ms CreateObjectMapping: 0.543900 ms MarkObjects: 15.637000 ms  DeleteObjects: 0.521100 ms)

AssetImportParameters requested are different than current active one (requested -> active):
  custom:framework-win-MediaFoundation: 216162199b28c13a410421893ffa2e32 -> 
  custom:video-decoder-ogg-theora: a1e56fd34408186e4bbccfd4996cb3dc -> 
  custom:container-muxer-webm: aa71ff27fc2769a1b78a27578f13a17b -> 
  custom:container-demuxer-webm: 4f35f7cbe854078d1ac9338744f61a02 -> 
  custom:container-demuxer-ogg: 62fdf1f143b41e24485cea50d1cbac27 -> 
  custom:video-encoder-webm-vp8: eb34c28f22e8b96e1ab97ce403110664 -> 
  custom:video-decoder-webm-vp8: 9c59270c3fd7afecdb556c50c9e8de78 -> 
  custom:audio-decoder-ogg-vorbis: bf7c407c2cedff20999df2af8eb42d56 -> 
  custom:audio-encoder-webm-vorbis: bf7c407c2cedff20999df2af8eb42d56 -> 
========================================================================
Received Import Request.
  path: Assets/Levels/Prefabs/Tanks/Types
  artifactKey: Guid(8d1a4935189eb44d7b7e5a13b7ac7b2a) Importer(815301076,1909f56bfc062723c751e8b465ee728b)
Start importing Assets/Levels/Prefabs/Tanks/Types using Guid(8d1a4935189eb44d7b7e5a13b7ac7b2a) Importer(815301076,1909f56bfc062723c751e8b465ee728b)  -> (artifact id: '4c35e36ef6324ca1f55d732f66cdcb43') in 0.447990 seconds 
========================================================================
Received Import Request.
  Time since last request: 0.001074 seconds.
  path: Assets/Levels/Prefabs
  artifactKey: Guid(0e008ae6f07817b40a642253e558462b) Importer(815301076,1909f56bfc062723c751e8b465ee728b)
Start importing Assets/Levels/Prefabs using Guid(0e008ae6f07817b40a642253e558462b) Importer(815301076,1909f56bfc062723c751e8b465ee728b)  -> (artifact id: '666cc88c14e0fb1a6f99d56681f98d9d') in 0.005453 seconds 
========================================================================
Received Import Request.
  Time since last request: 0.000277 seconds.
  path: Assets/Levels/Prefabs/Tanks/Types/BalancedTank.prefab
  artifactKey: Guid(cf66e3e60e9f04b6db0ef7db23e7ad9b) Importer(815301076,1909f56bfc062723c751e8b465ee728b)
Start importing Assets/Levels/Prefabs/Tanks/Types/BalancedTank.prefab using Guid(cf66e3e60e9f04b6db0ef7db23e7ad9b) Importer(815301076,1909f56bfc062723c751e8b465ee728b)  -> (artifact id: '1257281dfa3d78b9962ae3b5762f881d') in 1.541054 seconds 
========================================================================
Received Import Request.
  Time since last request: 0.000562 seconds.
  path: Assets/Levels/Prefabs/SinglePlayer
  artifactKey: Guid(8c05a2b5c47454409b3e665600f88892) Importer(815301076,1909f56bfc062723c751e8b465ee728b)
Start importing Assets/Levels/Prefabs/SinglePlayer using Guid(8c05a2b5c47454409b3e665600f88892) Importer(815301076,1909f56bfc062723c751e8b465ee728b)  -> (artifact id: '15604cdac7a0fe74ca55efee38e2ad52') in 0.009952 seconds 
========================================================================
Received Import Request.
  Time since last request: 0.000503 seconds.
  path: Assets/Levels/Prefabs/Tanks
  artifactKey: Guid(0b1146e4bd6f94743b19f2a92d3524fb) Importer(815301076,1909f56bfc062723c751e8b465ee728b)
Start importing Assets/Levels/Prefabs/Tanks using Guid(0b1146e4bd6f94743b19f2a92d3524fb) Importer(815301076,1909f56bfc062723c751e8b465ee728b)  -> (artifact id: 'dcb633fee846ecae3a1c3c40ffba7620') in 0.004794 seconds 
========================================================================
Received Import Request.
  Time since last request: 0.000353 seconds.
  path: Assets/Levels
  artifactKey: Guid(17e413d6867e0b64f8d51a8f6d0d93d4) Importer(815301076,1909f56bfc062723c751e8b465ee728b)
Start importing Assets/Levels using Guid(17e413d6867e0b64f8d51a8f6d0d93d4) Importer(815301076,1909f56bfc062723c751e8b465ee728b)  -> (artifact id: '3689f4eb819a0035c8f2290ed068b0b8') in 0.002096 seconds 
========================================================================
Received Import Request.
  Time since last request: 44.208331 seconds.
  path: Assets/Levels/Prefabs/Tanks/Types/OneNote Table Of Contents.onetoc2
  artifactKey: Guid(5537bd8b31f16f042b2f617102024dff) Importer(815301076,1909f56bfc062723c751e8b465ee728b)
Start importing Assets/Levels/Prefabs/Tanks/Types/OneNote Table Of Contents.onetoc2 using Guid(5537bd8b31f16f042b2f617102024dff) Importer(815301076,1909f56bfc062723c751e8b465ee728b)  -> (artifact id: '47eb21fe16cf131a7f5a875822b80fa2') in 0.030742 seconds 
========================================================================
Received Prepare
Registering precompiled user dll's ...
Registered in 0.014402 seconds.
Begin MonoManager ReloadAssembly
Native extension for WindowsStandalone target not found
Native extension for WebGL target not found
Refreshing native plugins compatible for Editor in 1.73 ms, found 2 plugins.
Preloading 0 native plugins for Editor in 0.00 ms.
Mono: successfully reloaded assembly
- Completed reload, in  4.026 seconds
Domain Reload Profiling:
	ReloadAssembly (4027ms)
		BeginReloadAssembly (503ms)
			ExecutionOrderSort (0ms)
			DisableScriptedObjects (18ms)
			BackupInstance (0ms)
			ReleaseScriptingObjects (0ms)
			CreateAndSetChildDomain (134ms)
		EndReloadAssembly (3135ms)
			LoadAssemblies (433ms)
			RebuildTransferFunctionScriptingTraits (0ms)
			SetupTypeCache (1034ms)
			ReleaseScriptCaches (3ms)
			RebuildScriptCaches (194ms)
			SetupLoadedEditorAssemblies (1192ms)
				LogAssemblyErrors (0ms)
				InitializePlatformSupportModulesInManaged (16ms)
				SetLoadedEditorAssemblies (1ms)
				RefreshPlugins (2ms)
				BeforeProcessingInitializeOnLoad (184ms)
				ProcessInitializeOnLoadAttributes (836ms)
				ProcessInitializeOnLoadMethodAttributes (144ms)
				AfterProcessingInitializeOnLoad (9ms)
				EditorAssembliesLoaded (0ms)
			ExecutionOrderSort2 (0ms)
			AwakeInstancesAfterBackupRestoration (30ms)
Platform modules already initialized, skipping
Switching build target platform(19) subTarget(0) extendedPlatform(0) -> platform(13) subTarget(589824) extendedPlatform(0)
Refreshing native plugins compatible for Editor in 1.90 ms, found 2 plugins.
Preloading 0 native plugins for Editor in 0.00 ms.
Unloading 3578 Unused Serialized files (Serialized files now loaded: 0)
System memory in use before: 164.1 MB.
System memory in use after: 164.0 MB.

Unloading 53 unused Assets to reduce memory usage. Loaded Objects now: 4225.
Total: 27.037000 ms (FindLiveObjects: 1.170500 ms CreateObjectMapping: 0.888900 ms MarkObjects: 24.513400 ms  DeleteObjects: 0.460000 ms)

AssetImportParameters requested are different than current active one (requested -> active):
  custom:framework-win-MediaFoundation: 216162199b28c13a410421893ffa2e32 -> 
  custom:video-decoder-ogg-theora: a1e56fd34408186e4bbccfd4996cb3dc -> 
  custom:container-muxer-webm: aa71ff27fc2769a1b78a27578f13a17b -> 
  custom:container-demuxer-webm: 4f35f7cbe854078d1ac9338744f61a02 -> 
  custom:container-demuxer-ogg: 62fdf1f143b41e24485cea50d1cbac27 -> 
  custom:video-encoder-webm-vp8: eb34c28f22e8b96e1ab97ce403110664 -> 
  custom:video-decoder-webm-vp8: 9c59270c3fd7afecdb556c50c9e8de78 -> 
  custom:graphics/normal-map-encoding: 01000000000000000000000000000000 -> 02000000000000000000000000000000
  custom:audio-decoder-ogg-vorbis: bf7c407c2cedff20999df2af8eb42d56 -> 
  custom:audio-encoder-webm-vorbis: bf7c407c2cedff20999df2af8eb42d56 -> 
========================================================================
Received Import Request.
  Time since last request: 1230.447876 seconds.
  path: Assets/Small Tank
  artifactKey: Guid(b35d2d6a39d0a4d4da295ef7c9bd1526) Importer(815301076,1909f56bfc062723c751e8b465ee728b)
Start importing Assets/Small Tank using Guid(b35d2d6a39d0a4d4da295ef7c9bd1526) Importer(815301076,1909f56bfc062723c751e8b465ee728b)  -> (artifact id: '8a8f382354036460a396a918ea748232') in 0.012293 seconds 
========================================================================
Received Import Request.
  Time since last request: 3.818065 seconds.
  path: Assets/Small Tank/SmallTank.prefab
  artifactKey: Guid(65620b9bb482dd3489cba0f1334f3f6d) Importer(815301076,1909f56bfc062723c751e8b465ee728b)
Start importing Assets/Small Tank/SmallTank.prefab using Guid(65620b9bb482dd3489cba0f1334f3f6d) Importer(815301076,1909f56bfc062723c751e8b465ee728b)  -> (artifact id: 'c1d20e7e86446113925c61aa001a4eb1') in 26.847139 seconds 
========================================================================
Received Import Request.
  Time since last request: 1.869946 seconds.
  path: Assets/Small Tank/SmallTank_3dModel
  artifactKey: Guid(76c2343bdb4ffb841a4e4c659d77dc49) Importer(815301076,1909f56bfc062723c751e8b465ee728b)
Start importing Assets/Small Tank/SmallTank_3dModel using Guid(76c2343bdb4ffb841a4e4c659d77dc49) Importer(815301076,1909f56bfc062723c751e8b465ee728b)  -> (artifact id: '2be34b6e07e04e802acc25bdf209df27') in 0.007827 seconds 
========================================================================
Received Import Request.
  Time since last request: 2.558572 seconds.
  path: Assets/Small Tank/SmallTank_3dModel/SmallTank_Unity.FBX
  artifactKey: Guid(444f0adaa6f73c6438eaa231da3028e8) Importer(815301076,1909f56bfc062723c751e8b465ee728b)
Start importing Assets/Small Tank/SmallTank_3dModel/SmallTank_Unity.FBX using Guid(444f0adaa6f73c6438eaa231da3028e8) Importer(815301076,1909f56bfc062723c751e8b465ee728b)  -> (artifact id: '189fff6a8c2ad1b67c17bfc8b161c039') in 8.438371 seconds 
========================================================================
Received Import Request.
  Time since last request: 0.000542 seconds.
  path: Assets/Small Tank/SmallTank_TexturesMaterials
  artifactKey: Guid(2d1e53b1f6726e64fa276c7520883822) Importer(815301076,1909f56bfc062723c751e8b465ee728b)
Start importing Assets/Small Tank/SmallTank_TexturesMaterials using Guid(2d1e53b1f6726e64fa276c7520883822) Importer(815301076,1909f56bfc062723c751e8b465ee728b)  -> (artifact id: '067d2b59047298d657d246dc350a6f7f') in 0.003855 seconds 
========================================================================
Received Import Request.
  Time since last request: 514.081807 seconds.
  path: Assets/TowerDefence_Vsquad
  artifactKey: Guid(2d0e97bdbfb33384abee0c3114a3ba1d) Importer(815301076,1909f56bfc062723c751e8b465ee728b)
Start importing Assets/TowerDefence_Vsquad using Guid(2d0e97bdbfb33384abee0c3114a3ba1d) Importer(815301076,1909f56bfc062723c751e8b465ee728b)  -> (artifact id: 'cfde6bc1b98f364588605be2867f6fc3') in 0.023735 seconds 
========================================================================
Received Import Request.
  Time since last request: 72.054267 seconds.
  path: Assets/TowerDefence_Vsquad/Scenes
  artifactKey: Guid(4f704ae4b4f98ae41a0bce26658850c1) Importer(815301076,1909f56bfc062723c751e8b465ee728b)
Start importing Assets/TowerDefence_Vsquad/Scenes using Guid(4f704ae4b4f98ae41a0bce26658850c1) Importer(815301076,1909f56bfc062723c751e8b465ee728b)  -> (artifact id: '1aca82992b6beeddaa6663b47a6390a7') in 0.019469 seconds 
========================================================================
Received Import Request.
  Time since last request: 1.756533 seconds.
  path: Assets/TowerDefence_Vsquad/Scenes/All_objects_on_grid.unity
  artifactKey: Guid(375ef43356b053d4f933c5810bcd0147) Importer(815301076,1909f56bfc062723c751e8b465ee728b)
Start importing Assets/TowerDefence_Vsquad/Scenes/All_objects_on_grid.unity using Guid(375ef43356b053d4f933c5810bcd0147) Importer(815301076,1909f56bfc062723c751e8b465ee728b)  -> (artifact id: '102d8c29abfe2cc44e7b0b77acf65aed') in 0.023022 seconds 
========================================================================
Received Import Request.
  Time since last request: 63.036034 seconds.
  path: Assets/TowerDefence_Vsquad/Scenes/Desert_land_1.unity
  artifactKey: Guid(962340b9943df1c4b9c44f4974518c8f) Importer(815301076,1909f56bfc062723c751e8b465ee728b)
Start importing Assets/TowerDefence_Vsquad/Scenes/Desert_land_1.unity using Guid(962340b9943df1c4b9c44f4974518c8f) Importer(815301076,1909f56bfc062723c751e8b465ee728b)  -> (artifact id: 'e68963ed6b84e4588cffc646967b1914') in 0.004459 seconds 
========================================================================
Received Import Request.
  Time since last request: 11.109008 seconds.
  path: Assets/TowerDefence_Vsquad/Scenes/SampleScene.unity
  artifactKey: Guid(99c9720ab356a0642a771bea13969a05) Importer(815301076,1909f56bfc062723c751e8b465ee728b)
Start importing Assets/TowerDefence_Vsquad/Scenes/SampleScene.unity using Guid(99c9720ab356a0642a771bea13969a05) Importer(815301076,1909f56bfc062723c751e8b465ee728b)  -> (artifact id: '5e8c8f6957dbf16628d194e19e2a00b9') in 0.005567 seconds 
========================================================================
Received Import Request.
  Time since last request: 3.045624 seconds.
  path: Assets/TowerDefence_Vsquad/Scenes/Desert_land_3.unity
  artifactKey: Guid(a4c8089bd4def2b40bed719c038e85f8) Importer(815301076,1909f56bfc062723c751e8b465ee728b)
Start importing Assets/TowerDefence_Vsquad/Scenes/Desert_land_3.unity using Guid(a4c8089bd4def2b40bed719c038e85f8) Importer(815301076,1909f56bfc062723c751e8b465ee728b)  -> (artifact id: '42dcfc97c480e2eaf224e59903360dc6') in 0.012037 seconds 
========================================================================
Received Import Request.
  Time since last request: 13.707639 seconds.
  path: Assets/TowerDefence_Vsquad/INFO
  artifactKey: Guid(be527f4a5417bd54f80e962e194e382c) Importer(815301076,1909f56bfc062723c751e8b465ee728b)
Start importing Assets/TowerDefence_Vsquad/INFO using Guid(be527f4a5417bd54f80e962e194e382c) Importer(815301076,1909f56bfc062723c751e8b465ee728b)  -> (artifact id: '27b2be7a1363c941d6f8df01106eb5de') in 0.613262 seconds 
========================================================================
Received Import Request.
  Time since last request: 23.821204 seconds.
  path: Assets/TowerDefence_Vsquad/Prefabs
  artifactKey: Guid(c7ab714163436dd4ea173e9c0f14262b) Importer(815301076,1909f56bfc062723c751e8b465ee728b)
Start importing Assets/TowerDefence_Vsquad/Prefabs using Guid(c7ab714163436dd4ea173e9c0f14262b) Importer(815301076,1909f56bfc062723c751e8b465ee728b)  -> (artifact id: 'bea2e1e42367571e9216eeae647f529a') in 0.003167 seconds 
========================================================================
Received Import Request.
  Time since last request: 7.125580 seconds.
  path: Assets/TowerDefence_Vsquad/Prefabs/GB_piercer_free_grp.prefab
  artifactKey: Guid(2e9ed78ca247ad941b96bd3c02c554ba) Importer(815301076,1909f56bfc062723c751e8b465ee728b)
Start importing Assets/TowerDefence_Vsquad/Prefabs/GB_piercer_free_grp.prefab using Guid(2e9ed78ca247ad941b96bd3c02c554ba) Importer(815301076,1909f56bfc062723c751e8b465ee728b)  -> (artifact id: 'b4ed29996b74f380b358d02e8ccad499') in 7.466076 seconds 
========================================================================
Received Import Request.
  Time since last request: 6.573541 seconds.
  path: Assets/TowerDefence_Vsquad/Prefabs/HM_cannon_1.prefab
  artifactKey: Guid(997eda0f844715845a30121b4553e2fd) Importer(815301076,1909f56bfc062723c751e8b465ee728b)
Start importing Assets/TowerDefence_Vsquad/Prefabs/HM_cannon_1.prefab using Guid(997eda0f844715845a30121b4553e2fd) Importer(815301076,1909f56bfc062723c751e8b465ee728b)  -> (artifact id: 'e1e78fc8bae85b55d8148da17cd2c319') in 5.704865 seconds 
========================================================================
Received Import Request.
  Time since last request: 14.234793 seconds.
  path: Assets/TowerDefence_Vsquad/Prefabs/Bullets
  artifactKey: Guid(42d3d016c093a7d449259610202fc2ba) Importer(815301076,1909f56bfc062723c751e8b465ee728b)
Start importing Assets/TowerDefence_Vsquad/Prefabs/Bullets using Guid(42d3d016c093a7d449259610202fc2ba) Importer(815301076,1909f56bfc062723c751e8b465ee728b)  -> (artifact id: '732f0c37eb4da67d1fab3094ce0cf7ef') in 0.004340 seconds 
========================================================================
Received Import Request.
  Time since last request: 0.187629 seconds.
  path: Assets/TowerDefence_Vsquad/Prefabs/Bullets/GB_piercer_rocket.prefab
  artifactKey: Guid(46099dc6620fb95458abaaf633e19169) Importer(815301076,1909f56bfc062723c751e8b465ee728b)
Start importing Assets/TowerDefence_Vsquad/Prefabs/Bullets/GB_piercer_rocket.prefab using Guid(46099dc6620fb95458abaaf633e19169) Importer(815301076,1909f56bfc062723c751e8b465ee728b)  -> (artifact id: '1a39557c2e2de62d6c4753eb6cafcdc7') in 2.609777 seconds 
========================================================================
Received Import Request.
  Time since last request: 2.006373 seconds.
  path: Assets/TowerDefence_Vsquad/Prefabs/Bullets/HM_cannon_bullet1.prefab
  artifactKey: Guid(8a976dcd328a4664c85144f33b9c46b0) Importer(815301076,1909f56bfc062723c751e8b465ee728b)
Start importing Assets/TowerDefence_Vsquad/Prefabs/Bullets/HM_cannon_bullet1.prefab using Guid(8a976dcd328a4664c85144f33b9c46b0) Importer(815301076,1909f56bfc062723c751e8b465ee728b)  -> (artifact id: 'bed0e3666ca85c464a1b885bcc2811c2') in 0.728350 seconds 
========================================================================
Received Import Request.
  Time since last request: 3.657458 seconds.
  path: Assets/TowerDefence_Vsquad/Prefabs/Cubes
  artifactKey: Guid(89fc9d8cef9ed224f84856453f231465) Importer(815301076,1909f56bfc062723c751e8b465ee728b)
Start importing Assets/TowerDefence_Vsquad/Prefabs/Cubes using Guid(89fc9d8cef9ed224f84856453f231465) Importer(815301076,1909f56bfc062723c751e8b465ee728b)  -> (artifact id: '1e3700f3a4c5adb23485c2d4f8edc461') in 0.066248 seconds 
========================================================================
Received Import Request.
  Time since last request: 0.909564 seconds.
  path: Assets/TowerDefence_Vsquad/Prefabs/Cubes/GB_Sand_1.prefab
  artifactKey: Guid(af94647d1c0662b4ebdd6a84489064cd) Importer(815301076,1909f56bfc062723c751e8b465ee728b)
Start importing Assets/TowerDefence_Vsquad/Prefabs/Cubes/GB_Sand_1.prefab using Guid(af94647d1c0662b4ebdd6a84489064cd) Importer(815301076,1909f56bfc062723c751e8b465ee728b)  -> (artifact id: '9891369ba954d5a8d1e694327644205f') in 0.462763 seconds 
========================================================================
Received Import Request.
  Time since last request: 0.863386 seconds.
  path: Assets/TowerDefence_Vsquad/Prefabs/Cubes/GB_River_1.prefab
  artifactKey: Guid(0e757bd8c12449148a79b1a3c3343ffa) Importer(815301076,1909f56bfc062723c751e8b465ee728b)
Start importing Assets/TowerDefence_Vsquad/Prefabs/Cubes/GB_River_1.prefab using Guid(0e757bd8c12449148a79b1a3c3343ffa) Importer(815301076,1909f56bfc062723c751e8b465ee728b)  -> (artifact id: 'bbd20fa52ce0ccb184e7e1d6c76dda4b') in 0.519850 seconds 
========================================================================
Received Import Request.
  Time since last request: 1.877999 seconds.
  path: Assets/TowerDefence_Vsquad/Prefabs/Flora
  artifactKey: Guid(f744dacfba42de84f9eeddfada6ae3a7) Importer(815301076,1909f56bfc062723c751e8b465ee728b)
Start importing Assets/TowerDefence_Vsquad/Prefabs/Flora using Guid(f744dacfba42de84f9eeddfada6ae3a7) Importer(815301076,1909f56bfc062723c751e8b465ee728b)  -> (artifact id: '96436da0029ab30d5c7dd6401d6978c6') in 0.340200 seconds 
========================================================================
Received Import Request.
  Time since last request: 0.600648 seconds.
  path: Assets/TowerDefence_Vsquad/Prefabs/Flora/Cactus_2.prefab
  artifactKey: Guid(d05d778168e607d41aa48b8d3192f0ac) Importer(815301076,1909f56bfc062723c751e8b465ee728b)
Start importing Assets/TowerDefence_Vsquad/Prefabs/Flora/Cactus_2.prefab using Guid(d05d778168e607d41aa48b8d3192f0ac) Importer(815301076,1909f56bfc062723c751e8b465ee728b)  -> (artifact id: 'bdb66aa6f66e837fa8afd82b75bae1fd') in 0.054798 seconds 
========================================================================
Received Import Request.
  Time since last request: 1.062118 seconds.
  path: Assets/TowerDefence_Vsquad/Prefabs/Flora/Cactus_4.prefab
  artifactKey: Guid(006e1a480f4ea3e4291f3018d82bd8e9) Importer(815301076,1909f56bfc062723c751e8b465ee728b)
Start importing Assets/TowerDefence_Vsquad/Prefabs/Flora/Cactus_4.prefab using Guid(006e1a480f4ea3e4291f3018d82bd8e9) Importer(815301076,1909f56bfc062723c751e8b465ee728b)  -> (artifact id: 'b6ae46eb4ca907b7fbd4e11c8ad28602') in 0.824220 seconds 
========================================================================
Received Import Request.
  Time since last request: 0.000695 seconds.
  path: Assets/TowerDefence_Vsquad/Prefabs/Flora/Skeleton_1.prefab
  artifactKey: Guid(35a64689e013f5841a4f22e15899f99a) Importer(815301076,1909f56bfc062723c751e8b465ee728b)
Start importing Assets/TowerDefence_Vsquad/Prefabs/Flora/Skeleton_1.prefab using Guid(35a64689e013f5841a4f22e15899f99a) Importer(815301076,1909f56bfc062723c751e8b465ee728b)  -> (artifact id: '09ea8eeee568c4cf7b5d8ede0258dc37') in 0.215093 seconds 
========================================================================
Received Import Request.
  Time since last request: 2.882849 seconds.
  path: Assets/TowerDefence_Vsquad/Prefabs/Hits
  artifactKey: Guid(09e6413d5bcf65a48ad8797d59aaa183) Importer(815301076,1909f56bfc062723c751e8b465ee728b)
Start importing Assets/TowerDefence_Vsquad/Prefabs/Hits using Guid(09e6413d5bcf65a48ad8797d59aaa183) Importer(815301076,1909f56bfc062723c751e8b465ee728b)  -> (artifact id: '511a2d3c68c4ca2cd2d4e93266be8f37') in 0.220944 seconds 
========================================================================
Received Import Request.
  Time since last request: 0.746430 seconds.
  path: Assets/TowerDefence_Vsquad/Prefabs/Hits/HM_cannon_impact_1.prefab
  artifactKey: Guid(5bfd32998278cc44ea4a331c04bd5e45) Importer(815301076,1909f56bfc062723c751e8b465ee728b)
Start importing Assets/TowerDefence_Vsquad/Prefabs/Hits/HM_cannon_impact_1.prefab using Guid(5bfd32998278cc44ea4a331c04bd5e45) Importer(815301076,1909f56bfc062723c751e8b465ee728b)  -> (artifact id: '3eebe1567c07971142ef4205218ce7cf') in 0.673415 seconds 
========================================================================
Received Import Request.
  Time since last request: 186.020987 seconds.
  path: Assets/TowerDefence_Vsquad/Materials/FX/smoke blended.mat
  artifactKey: Guid(c77f053355b8f1248bafbaaaad21f8c3) Importer(815301076,1909f56bfc062723c751e8b465ee728b)
Start importing Assets/TowerDefence_Vsquad/Materials/FX/smoke blended.mat using Guid(c77f053355b8f1248bafbaaaad21f8c3) Importer(815301076,1909f56bfc062723c751e8b465ee728b)  -> (artifact id: '6c78daf701c2dff4f1449e7c31e90c4b') in 1.121449 seconds 
========================================================================
Received Import Request.
  Time since last request: 5.221287 seconds.
  path: Assets/TowerDefence_Vsquad/Materials/FX/FirePlace_FX_additive.mat
  artifactKey: Guid(d507038073dcda64c97192fc4cdc8d51) Importer(815301076,1909f56bfc062723c751e8b465ee728b)
Start importing Assets/TowerDefence_Vsquad/Materials/FX/FirePlace_FX_additive.mat using Guid(d507038073dcda64c97192fc4cdc8d51) Importer(815301076,1909f56bfc062723c751e8b465ee728b)  -> (artifact id: 'ec02bca097ed8dcd9c2bad80becfe0cd') in 0.098794 seconds 
========================================================================
Received Import Request.
  Time since last request: 1.580078 seconds.
  path: Assets/TowerDefence_Vsquad/Materials/FX/FirePlace_FX_blended.mat
  artifactKey: Guid(834671165b066db4daa35bd828d5312b) Importer(815301076,1909f56bfc062723c751e8b465ee728b)
Start importing Assets/TowerDefence_Vsquad/Materials/FX/FirePlace_FX_blended.mat using Guid(834671165b066db4daa35bd828d5312b) Importer(815301076,1909f56bfc062723c751e8b465ee728b)  -> (artifact id: 'ff14496600abceff02c6b664be62489d') in 0.116917 seconds 
========================================================================
Received Prepare
Registering precompiled user dll's ...
Registered in 0.012930 seconds.
Begin MonoManager ReloadAssembly
Native extension for WindowsStandalone target not found
Native extension for WebGL target not found
Refreshing native plugins compatible for Editor in 2.97 ms, found 2 plugins.
Preloading 0 native plugins for Editor in 0.00 ms.
Mono: successfully reloaded assembly
- Completed reload, in 113.015 seconds
Domain Reload Profiling:
	ReloadAssembly (113181ms)
		BeginReloadAssembly (89159ms)
			ExecutionOrderSort (0ms)
			DisableScriptedObjects (11227ms)
			BackupInstance (0ms)
			ReleaseScriptingObjects (3ms)
			CreateAndSetChildDomain (57103ms)
		EndReloadAssembly (23724ms)
			LoadAssemblies (19428ms)
			RebuildTransferFunctionScriptingTraits (50ms)
			SetupTypeCache (11045ms)
			ReleaseScriptCaches (71ms)
			RebuildScriptCaches (705ms)
			SetupLoadedEditorAssemblies (2208ms)
				LogAssemblyErrors (0ms)
				InitializePlatformSupportModulesInManaged (58ms)
				SetLoadedEditorAssemblies (1ms)
				RefreshPlugins (3ms)
				BeforeProcessingInitializeOnLoad (322ms)
				ProcessInitializeOnLoadAttributes (1568ms)
				ProcessInitializeOnLoadMethodAttributes (235ms)
				AfterProcessingInitializeOnLoad (20ms)
				EditorAssembliesLoaded (0ms)
			ExecutionOrderSort2 (0ms)
			AwakeInstancesAfterBackupRestoration (39ms)
Platform modules already initialized, skipping
Switching build target platform(19) subTarget(0) extendedPlatform(0) -> platform(13) subTarget(589824) extendedPlatform(0)
Refreshing native plugins compatible for Editor in 3.78 ms, found 2 plugins.
Preloading 0 native plugins for Editor in 0.00 ms.
Unloading 3578 Unused Serialized files (Serialized files now loaded: 0)
System memory in use before: 164.7 MB.
System memory in use after: 164.7 MB.

Unloading 53 unused Assets to reduce memory usage. Loaded Objects now: 4299.
Total: 51.500900 ms (FindLiveObjects: 0.539900 ms CreateObjectMapping: 0.266400 ms MarkObjects: 50.402900 ms  DeleteObjects: 0.289300 ms)

AssetImportParameters requested are different than current active one (requested -> active):
  custom:framework-win-MediaFoundation: 216162199b28c13a410421893ffa2e32 -> 
  custom:video-decoder-ogg-theora: a1e56fd34408186e4bbccfd4996cb3dc -> 
  custom:container-muxer-webm: aa71ff27fc2769a1b78a27578f13a17b -> 
  custom:container-demuxer-webm: 4f35f7cbe854078d1ac9338744f61a02 -> 
  custom:container-demuxer-ogg: 62fdf1f143b41e24485cea50d1cbac27 -> 
  custom:video-encoder-webm-vp8: eb34c28f22e8b96e1ab97ce403110664 -> 
  custom:video-decoder-webm-vp8: 9c59270c3fd7afecdb556c50c9e8de78 -> 
  custom:graphics/normal-map-encoding: 01000000000000000000000000000000 -> 02000000000000000000000000000000
  custom:audio-decoder-ogg-vorbis: bf7c407c2cedff20999df2af8eb42d56 -> 
  custom:audio-encoder-webm-vorbis: bf7c407c2cedff20999df2af8eb42d56 -> 
========================================================================
Received Prepare
Registering precompiled user dll's ...
Registered in 0.261711 seconds.
Begin MonoManager ReloadAssembly
Native extension for WindowsStandalone target not found
Native extension for WebGL target not found
Refreshing native plugins compatible for Editor in 5.08 ms, found 2 plugins.
Preloading 0 native plugins for Editor in 0.00 ms.
Mono: successfully reloaded assembly
- Completed reload, in 20.695 seconds
Domain Reload Profiling:
	ReloadAssembly (20697ms)
		BeginReloadAssembly (2581ms)
			ExecutionOrderSort (0ms)
			DisableScriptedObjects (98ms)
			BackupInstance (0ms)
			ReleaseScriptingObjects (1ms)
			CreateAndSetChildDomain (84ms)
		EndReloadAssembly (17884ms)
			LoadAssemblies (14505ms)
			RebuildTransferFunctionScriptingTraits (0ms)
			SetupTypeCache (1292ms)
			ReleaseScriptCaches (5ms)
			RebuildScriptCaches (142ms)
			SetupLoadedEditorAssemblies (2482ms)
				LogAssemblyErrors (0ms)
				InitializePlatformSupportModulesInManaged (399ms)
				SetLoadedEditorAssemblies (2ms)
				RefreshPlugins (5ms)
				BeforeProcessingInitializeOnLoad (201ms)
				ProcessInitializeOnLoadAttributes (1776ms)
				ProcessInitializeOnLoadMethodAttributes (89ms)
				AfterProcessingInitializeOnLoad (9ms)
				EditorAssembliesLoaded (0ms)
			ExecutionOrderSort2 (0ms)
			AwakeInstancesAfterBackupRestoration (21ms)
Platform modules already initialized, skipping
Switching build target platform(19) subTarget(0) extendedPlatform(0) -> platform(13) subTarget(589824) extendedPlatform(0)
Refreshing native plugins compatible for Editor in 1.81 ms, found 2 plugins.
Preloading 0 native plugins for Editor in 0.00 ms.
Unloading 3565 Unused Serialized files (Serialized files now loaded: 0)
System memory in use before: 164.6 MB.
System memory in use after: 164.5 MB.

Unloading 53 unused Assets to reduce memory usage. Loaded Objects now: 4301.
Total: 31.637000 ms (FindLiveObjects: 1.328800 ms CreateObjectMapping: 0.921200 ms MarkObjects: 28.779100 ms  DeleteObjects: 0.604000 ms)

AssetImportParameters requested are different than current active one (requested -> active):
  custom:framework-win-MediaFoundation: 216162199b28c13a410421893ffa2e32 -> 
  custom:video-decoder-ogg-theora: a1e56fd34408186e4bbccfd4996cb3dc -> 
  custom:container-muxer-webm: aa71ff27fc2769a1b78a27578f13a17b -> 
  custom:container-demuxer-webm: 4f35f7cbe854078d1ac9338744f61a02 -> 
  custom:container-demuxer-ogg: 62fdf1f143b41e24485cea50d1cbac27 -> 
  custom:video-encoder-webm-vp8: eb34c28f22e8b96e1ab97ce403110664 -> 
  custom:video-decoder-webm-vp8: 9c59270c3fd7afecdb556c50c9e8de78 -> 
  custom:graphics/normal-map-encoding: 01000000000000000000000000000000 -> 02000000000000000000000000000000
  custom:audio-decoder-ogg-vorbis: bf7c407c2cedff20999df2af8eb42d56 -> 
  custom:audio-encoder-webm-vorbis: bf7c407c2cedff20999df2af8eb42d56 -> 
========================================================================
Received Import Request.
  Time since last request: 1033.360261 seconds.
  path: Assets/Enemy
  artifactKey: Guid(167cb9eb9c658d54e846fee9a78e5388) Importer(815301076,1909f56bfc062723c751e8b465ee728b)
Start importing Assets/Enemy using Guid(167cb9eb9c658d54e846fee9a78e5388) Importer(815301076,1909f56bfc062723c751e8b465ee728b)  -> (artifact id: 'f36b64963cc94408f1266dc9a49a4fef') in 0.011509 seconds 
AssetImportWorkerClient::OnTransportError - code=2 error=End of file
